{"meta": {"format": 3, "version": "7.9.1", "timestamp": "2025-06-29T14:14:25.955745", "branch_coverage": false, "show_contexts": false}, "files": {"backend/cost_management/__init__.py": {"executed_lines": [1, 6, 7, 8, 9, 12, 13, 14, 15, 17, 19], "summary": {"covered_lines": 10, "num_statements": 10, "percent_covered": 100.0, "percent_covered_display": "100", "missing_lines": 0, "excluded_lines": 0}, "missing_lines": [], "excluded_lines": [], "functions": {"": {"executed_lines": [1, 6, 7, 8, 9, 12, 13, 14, 15, 17, 19], "summary": {"covered_lines": 10, "num_statements": 10, "percent_covered": 100.0, "percent_covered_display": "100", "missing_lines": 0, "excluded_lines": 0}, "missing_lines": [], "excluded_lines": []}}, "classes": {"": {"executed_lines": [1, 6, 7, 8, 9, 12, 13, 14, 15, 17, 19], "summary": {"covered_lines": 10, "num_statements": 10, "percent_covered": 100.0, "percent_covered_display": "100", "missing_lines": 0, "excluded_lines": 0}, "missing_lines": [], "excluded_lines": []}}}, "backend/cost_management/analytics_dashboard.py": {"executed_lines": [], "summary": {"covered_lines": 0, "num_statements": 314, "percent_covered": 0.0, "percent_covered_display": "0", "missing_lines": 314, "excluded_lines": 60}, "missing_lines": [18, 19, 20, 21, 22, 23, 24, 25, 26, 27, 30, 31, 34, 36, 37, 38, 39, 40, 43, 45, 46, 47, 48, 49, 50, 53, 54, 56, 57, 58, 59, 60, 61, 62, 63, 64, 66, 68, 71, 72, 74, 75, 76, 77, 78, 79, 80, 82, 84, 87, 88, 90, 91, 92, 93, 94, 95, 96, 98, 100, 103, 106, 113, 114, 117, 118, 121, 123, 125, 127, 128, 129, 130, 131, 132, 133, 134, 135, 137, 139, 140, 141, 142, 143, 144, 146, 161, 163, 164, 165, 166, 169, 176, 178, 191, 192, 193, 194, 197, 198, 199, 200, 203, 204, 205, 206, 209, 210, 211, 212, 215, 216, 219, 221, 233, 234, 236, 237, 239, 246, 259, 260, 261, 264, 266, 267, 278, 279, 280, 283, 284, 287, 288, 289, 290, 292, 295, 296, 297, 298, 301, 302, 303, 304, 305, 306, 307, 314, 316, 326, 327, 329, 330, 331, 338, 349, 350, 351, 353, 356, 357, 358, 360, 361, 362, 377, 378, 379, 380, 395, 396, 411, 413, 414, 419, 420, 435, 436, 451, 453, 454, 456, 457, 458, 460, 473, 475, 476, 477, 478, 479, 480, 481, 482, 483, 484, 486, 487, 490, 491, 492, 495, 517, 518, 521, 522, 523, 525, 526, 528, 529, 530, 536, 538, 540, 541, 542, 543, 544, 546, 547, 548, 550, 552, 553, 554, 558, 559, 560, 563, 564, 567, 568, 569, 571, 573, 576, 577, 581, 583, 584, 586, 587, 588, 590, 592, 593, 594, 595, 597, 598, 599, 601, 607, 608, 610, 612, 613, 614, 616, 618, 619, 620, 623, 624, 627, 628, 631, 633, 635, 637, 638, 639, 641, 643, 644, 645, 646, 647, 648, 649, 651, 671, 672, 684, 687, 688, 691, 692, 694, 695, 699, 706, 707, 708, 709, 710, 712, 713, 716, 717, 718, 721, 731, 733, 734, 735, 737, 738, 742, 744, 747, 748, 749], "excluded_lines": [753, 754, 755, 756, 757, 758, 759, 760, 761, 762, 763, 764, 765, 766, 767, 768, 769, 770, 771, 772, 773, 774, 775, 776, 777, 778, 779, 780, 781, 782, 783, 784, 785, 786, 787, 788, 789, 790, 791, 792, 793, 794, 795, 796, 797, 798, 799, 800, 801, 802, 803, 804, 805, 806, 807, 808, 809, 810, 811, 814], "functions": {"CostMetrics.to_dict": {"executed_lines": [], "summary": {"covered_lines": 0, "num_statements": 1, "percent_covered": 0.0, "percent_covered_display": "0", "missing_lines": 1, "excluded_lines": 0}, "missing_lines": [68], "excluded_lines": []}, "TrendAnalysis.to_dict": {"executed_lines": [], "summary": {"covered_lines": 0, "num_statements": 1, "percent_covered": 0.0, "percent_covered_display": "0", "missing_lines": 1, "excluded_lines": 0}, "missing_lines": [84], "excluded_lines": []}, "OptimizationRecommendation.to_dict": {"executed_lines": [], "summary": {"covered_lines": 0, "num_statements": 1, "percent_covered": 0.0, "percent_covered_display": "0", "missing_lines": 1, "excluded_lines": 0}, "missing_lines": [100], "excluded_lines": []}, "CostAnalyticsDashboard.__init__": {"executed_lines": [], "summary": {"covered_lines": 0, "num_statements": 6, "percent_covered": 0.0, "percent_covered_display": "0", "missing_lines": 6, "excluded_lines": 0}, "missing_lines": [113, 114, 117, 118, 121, 123], "excluded_lines": []}, "CostAnalyticsDashboard._load_historical_data": {"executed_lines": [], "summary": {"covered_lines": 0, "num_statements": 9, "percent_covered": 0.0, "percent_covered_display": "0", "missing_lines": 9, "excluded_lines": 0}, "missing_lines": [127, 128, 129, 130, 131, 132, 133, 134, 135], "excluded_lines": []}, "CostAnalyticsDashboard._save_historical_data": {"executed_lines": [], "summary": {"covered_lines": 0, "num_statements": 6, "percent_covered": 0.0, "percent_covered_display": "0", "missing_lines": 6, "excluded_lines": 0}, "missing_lines": [139, 140, 141, 142, 143, 144], "excluded_lines": []}, "CostAnalyticsDashboard.generate_cost_metrics": {"executed_lines": [], "summary": {"covered_lines": 0, "num_statements": 33, "percent_covered": 0.0, "percent_covered_display": "0", "missing_lines": 33, "excluded_lines": 0}, "missing_lines": [161, 163, 164, 165, 166, 169, 176, 178, 191, 192, 193, 194, 197, 198, 199, 200, 203, 204, 205, 206, 209, 210, 211, 212, 215, 216, 219, 221, 233, 234, 236, 237, 239], "excluded_lines": []}, "CostAnalyticsDashboard.analyze_trends": {"executed_lines": [], "summary": {"covered_lines": 0, "num_statements": 34, "percent_covered": 0.0, "percent_covered_display": "0", "missing_lines": 34, "excluded_lines": 0}, "missing_lines": [259, 260, 261, 264, 266, 267, 278, 279, 280, 283, 284, 287, 288, 289, 290, 292, 295, 296, 297, 298, 301, 302, 303, 304, 305, 306, 307, 314, 316, 326, 327, 329, 330, 331], "excluded_lines": []}, "CostAnalyticsDashboard.generate_optimization_recommendations": {"executed_lines": [], "summary": {"covered_lines": 0, "num_statements": 29, "percent_covered": 0.0, "percent_covered_display": "0", "missing_lines": 29, "excluded_lines": 0}, "missing_lines": [349, 350, 351, 353, 356, 357, 358, 360, 361, 362, 377, 378, 379, 380, 395, 396, 411, 413, 414, 419, 420, 435, 436, 451, 453, 454, 456, 457, 458], "excluded_lines": []}, "CostAnalyticsDashboard.generate_dashboard_report": {"executed_lines": [], "summary": {"covered_lines": 0, "num_statements": 27, "percent_covered": 0.0, "percent_covered_display": "0", "missing_lines": 27, "excluded_lines": 0}, "missing_lines": [473, 475, 476, 477, 478, 479, 480, 481, 482, 483, 484, 486, 487, 490, 491, 492, 495, 517, 518, 521, 522, 523, 525, 526, 528, 529, 530], "excluded_lines": []}, "CostAnalyticsDashboard._parse_timestamp": {"executed_lines": [], "summary": {"covered_lines": 0, "num_statements": 9, "percent_covered": 0.0, "percent_covered_display": "0", "missing_lines": 9, "excluded_lines": 0}, "missing_lines": [538, 540, 541, 542, 543, 544, 546, 547, 548], "excluded_lines": []}, "CostAnalyticsDashboard._calculate_efficiency_score": {"executed_lines": [], "summary": {"covered_lines": 0, "num_statements": 21, "percent_covered": 0.0, "percent_covered_display": "0", "missing_lines": 21, "excluded_lines": 0}, "missing_lines": [552, 553, 554, 558, 559, 560, 563, 564, 567, 568, 569, 571, 573, 576, 577, 581, 583, 584, 586, 587, 588], "excluded_lines": []}, "CostAnalyticsDashboard._get_daily_costs": {"executed_lines": [], "summary": {"covered_lines": 0, "num_statements": 14, "percent_covered": 0.0, "percent_covered_display": "0", "missing_lines": 14, "excluded_lines": 0}, "missing_lines": [592, 593, 594, 595, 597, 598, 599, 601, 607, 608, 610, 612, 613, 614], "excluded_lines": []}, "CostAnalyticsDashboard._detect_weekly_pattern": {"executed_lines": [], "summary": {"covered_lines": 0, "num_statements": 13, "percent_covered": 0.0, "percent_covered_display": "0", "missing_lines": 13, "excluded_lines": 0}, "missing_lines": [618, 619, 620, 623, 624, 627, 628, 631, 633, 635, 637, 638, 639], "excluded_lines": []}, "CostAnalyticsDashboard._estimate_cache_hit_rate": {"executed_lines": [], "summary": {"covered_lines": 0, "num_statements": 7, "percent_covered": 0.0, "percent_covered_display": "0", "missing_lines": 7, "excluded_lines": 0}, "missing_lines": [643, 644, 645, 646, 647, 648, 649], "excluded_lines": []}, "CostAnalyticsDashboard.add_cost_record": {"executed_lines": [], "summary": {"covered_lines": 0, "num_statements": 9, "percent_covered": 0.0, "percent_covered_display": "0", "missing_lines": 9, "excluded_lines": 0}, "missing_lines": [671, 672, 684, 687, 688, 691, 692, 694, 695], "excluded_lines": []}, "with_cost_analytics": {"executed_lines": [], "summary": {"covered_lines": 0, "num_statements": 3, "percent_covered": 0.0, "percent_covered_display": "0", "missing_lines": 3, "excluded_lines": 0}, "missing_lines": [706, 707, 738], "excluded_lines": []}, "with_cost_analytics.decorator": {"executed_lines": [], "summary": {"covered_lines": 0, "num_statements": 2, "percent_covered": 0.0, "percent_covered_display": "0", "missing_lines": 2, "excluded_lines": 0}, "missing_lines": [708, 737], "excluded_lines": []}, "with_cost_analytics.decorator.wrapper": {"executed_lines": [], "summary": {"covered_lines": 0, "num_statements": 12, "percent_covered": 0.0, "percent_covered_display": "0", "missing_lines": 12, "excluded_lines": 0}, "missing_lines": [709, 710, 712, 713, 716, 717, 718, 721, 731, 733, 734, 735], "excluded_lines": []}, "get_dashboard": {"executed_lines": [], "summary": {"covered_lines": 0, "num_statements": 3, "percent_covered": 0.0, "percent_covered_display": "0", "missing_lines": 3, "excluded_lines": 0}, "missing_lines": [747, 748, 749], "excluded_lines": []}, "demo_analytics_dashboard": {"executed_lines": [], "summary": {"covered_lines": 0, "num_statements": 0, "percent_covered": 100.0, "percent_covered_display": "100", "missing_lines": 0, "excluded_lines": 57}, "missing_lines": [], "excluded_lines": [755, 756, 757, 758, 759, 760, 761, 762, 763, 764, 765, 766, 767, 768, 769, 770, 771, 772, 773, 774, 775, 776, 777, 778, 779, 780, 781, 782, 783, 784, 785, 786, 787, 788, 789, 790, 791, 792, 793, 794, 795, 796, 797, 798, 799, 800, 801, 802, 803, 804, 805, 806, 807, 808, 809, 810, 811]}, "": {"executed_lines": [], "summary": {"covered_lines": 0, "num_statements": 74, "percent_covered": 0.0, "percent_covered_display": "0", "missing_lines": 74, "excluded_lines": 3}, "missing_lines": [18, 19, 20, 21, 22, 23, 24, 25, 26, 27, 30, 31, 34, 36, 37, 38, 39, 40, 43, 45, 46, 47, 48, 49, 50, 53, 54, 56, 57, 58, 59, 60, 61, 62, 63, 64, 66, 71, 72, 74, 75, 76, 77, 78, 79, 80, 82, 87, 88, 90, 91, 92, 93, 94, 95, 96, 98, 103, 106, 125, 137, 146, 246, 338, 460, 536, 550, 590, 616, 641, 651, 699, 742, 744], "excluded_lines": [753, 754, 814]}}, "classes": {"ReportType": {"executed_lines": [], "summary": {"covered_lines": 0, "num_statements": 0, "percent_covered": 100.0, "percent_covered_display": "100", "missing_lines": 0, "excluded_lines": 0}, "missing_lines": [], "excluded_lines": []}, "CostCategory": {"executed_lines": [], "summary": {"covered_lines": 0, "num_statements": 0, "percent_covered": 100.0, "percent_covered_display": "100", "missing_lines": 0, "excluded_lines": 0}, "missing_lines": [], "excluded_lines": []}, "CostMetrics": {"executed_lines": [], "summary": {"covered_lines": 0, "num_statements": 1, "percent_covered": 0.0, "percent_covered_display": "0", "missing_lines": 1, "excluded_lines": 0}, "missing_lines": [68], "excluded_lines": []}, "TrendAnalysis": {"executed_lines": [], "summary": {"covered_lines": 0, "num_statements": 1, "percent_covered": 0.0, "percent_covered_display": "0", "missing_lines": 1, "excluded_lines": 0}, "missing_lines": [84], "excluded_lines": []}, "OptimizationRecommendation": {"executed_lines": [], "summary": {"covered_lines": 0, "num_statements": 1, "percent_covered": 0.0, "percent_covered_display": "0", "missing_lines": 1, "excluded_lines": 0}, "missing_lines": [100], "excluded_lines": []}, "CostAnalyticsDashboard": {"executed_lines": [], "summary": {"covered_lines": 0, "num_statements": 217, "percent_covered": 0.0, "percent_covered_display": "0", "missing_lines": 217, "excluded_lines": 0}, "missing_lines": [113, 114, 117, 118, 121, 123, 127, 128, 129, 130, 131, 132, 133, 134, 135, 139, 140, 141, 142, 143, 144, 161, 163, 164, 165, 166, 169, 176, 178, 191, 192, 193, 194, 197, 198, 199, 200, 203, 204, 205, 206, 209, 210, 211, 212, 215, 216, 219, 221, 233, 234, 236, 237, 239, 259, 260, 261, 264, 266, 267, 278, 279, 280, 283, 284, 287, 288, 289, 290, 292, 295, 296, 297, 298, 301, 302, 303, 304, 305, 306, 307, 314, 316, 326, 327, 329, 330, 331, 349, 350, 351, 353, 356, 357, 358, 360, 361, 362, 377, 378, 379, 380, 395, 396, 411, 413, 414, 419, 420, 435, 436, 451, 453, 454, 456, 457, 458, 473, 475, 476, 477, 478, 479, 480, 481, 482, 483, 484, 486, 487, 490, 491, 492, 495, 517, 518, 521, 522, 523, 525, 526, 528, 529, 530, 538, 540, 541, 542, 543, 544, 546, 547, 548, 552, 553, 554, 558, 559, 560, 563, 564, 567, 568, 569, 571, 573, 576, 577, 581, 583, 584, 586, 587, 588, 592, 593, 594, 595, 597, 598, 599, 601, 607, 608, 610, 612, 613, 614, 618, 619, 620, 623, 624, 627, 628, 631, 633, 635, 637, 638, 639, 643, 644, 645, 646, 647, 648, 649, 671, 672, 684, 687, 688, 691, 692, 694, 695], "excluded_lines": []}, "": {"executed_lines": [], "summary": {"covered_lines": 0, "num_statements": 94, "percent_covered": 0.0, "percent_covered_display": "0", "missing_lines": 94, "excluded_lines": 60}, "missing_lines": [18, 19, 20, 21, 22, 23, 24, 25, 26, 27, 30, 31, 34, 36, 37, 38, 39, 40, 43, 45, 46, 47, 48, 49, 50, 53, 54, 56, 57, 58, 59, 60, 61, 62, 63, 64, 66, 71, 72, 74, 75, 76, 77, 78, 79, 80, 82, 87, 88, 90, 91, 92, 93, 94, 95, 96, 98, 103, 106, 125, 137, 146, 246, 338, 460, 536, 550, 590, 616, 641, 651, 699, 706, 707, 708, 709, 710, 712, 713, 716, 717, 718, 721, 731, 733, 734, 735, 737, 738, 742, 744, 747, 748, 749], "excluded_lines": [753, 754, 755, 756, 757, 758, 759, 760, 761, 762, 763, 764, 765, 766, 767, 768, 769, 770, 771, 772, 773, 774, 775, 776, 777, 778, 779, 780, 781, 782, 783, 784, 785, 786, 787, 788, 789, 790, 791, 792, 793, 794, 795, 796, 797, 798, 799, 800, 801, 802, 803, 804, 805, 806, 807, 808, 809, 810, 811, 814]}}}, "backend/cost_management/budget_validator.py": {"executed_lines": [1, 6, 7, 8, 9, 10, 12, 14, 17, 18, 19, 20, 21, 22, 25, 26, 27, 28, 29, 30, 31, 32, 33, 34, 37, 38, 40, 41, 44, 51, 72, 158, 183, 292, 307], "summary": {"covered_lines": 30, "num_statements": 122, "percent_covered": 24.59016393442623, "percent_covered_display": "25", "missing_lines": 92, "excluded_lines": 33}, "missing_lines": [89, 92, 98, 99, 102, 103, 106, 107, 108, 111, 115, 116, 117, 120, 121, 123, 124, 125, 126, 128, 129, 130, 132, 133, 134, 137, 138, 139, 142, 143, 144, 145, 147, 173, 175, 176, 177, 178, 180, 194, 195, 196, 197, 200, 201, 204, 211, 213, 215, 217, 218, 220, 222, 223, 224, 226, 227, 229, 230, 231, 234, 242, 244, 245, 247, 248, 249, 251, 257, 258, 259, 260, 261, 262, 263, 264, 265, 266, 267, 268, 269, 270, 272, 279, 282, 283, 284, 286, 288, 301, 302, 303], "excluded_lines": [307, 308, 310, 311, 312, 313, 314, 315, 316, 317, 318, 319, 320, 321, 322, 323, 324, 325, 326, 327, 328, 329, 330, 331, 332, 333, 334, 335, 336, 337, 338, 339, 341], "functions": {"BudgetValidator.__init__": {"executed_lines": [41, 44, 51], "summary": {"covered_lines": 3, "num_statements": 3, "percent_covered": 100.0, "percent_covered_display": "100", "missing_lines": 0, "excluded_lines": 0}, "missing_lines": [], "excluded_lines": []}, "BudgetValidator.validate_operation_budget": {"executed_lines": [], "summary": {"covered_lines": 0, "num_statements": 33, "percent_covered": 0.0, "percent_covered_display": "0", "missing_lines": 33, "excluded_lines": 0}, "missing_lines": [89, 92, 98, 99, 102, 103, 106, 107, 108, 111, 115, 116, 117, 120, 121, 123, 124, 125, 126, 128, 129, 130, 132, 133, 134, 137, 138, 139, 142, 143, 144, 145, 147], "excluded_lines": []}, "BudgetValidator.get_recommended_model": {"executed_lines": [], "summary": {"covered_lines": 0, "num_statements": 6, "percent_covered": 0.0, "percent_covered_display": "0", "missing_lines": 6, "excluded_lines": 0}, "missing_lines": [173, 175, 176, 177, 178, 180], "excluded_lines": []}, "budget_aware_operation": {"executed_lines": [], "summary": {"covered_lines": 0, "num_statements": 3, "percent_covered": 0.0, "percent_covered_display": "0", "missing_lines": 3, "excluded_lines": 0}, "missing_lines": [194, 195, 288], "excluded_lines": []}, "budget_aware_operation.decorator": {"executed_lines": [], "summary": {"covered_lines": 0, "num_statements": 7, "percent_covered": 0.0, "percent_covered_display": "0", "missing_lines": 7, "excluded_lines": 0}, "missing_lines": [196, 244, 245, 282, 283, 284, 286], "excluded_lines": []}, "budget_aware_operation.decorator.async_wrapper": {"executed_lines": [], "summary": {"covered_lines": 0, "num_statements": 20, "percent_covered": 0.0, "percent_covered_display": "0", "missing_lines": 20, "excluded_lines": 0}, "missing_lines": [197, 200, 201, 204, 211, 213, 215, 217, 218, 220, 222, 223, 224, 226, 227, 229, 230, 231, 234, 242], "excluded_lines": []}, "budget_aware_operation.decorator.sync_wrapper": {"executed_lines": [], "summary": {"covered_lines": 0, "num_statements": 20, "percent_covered": 0.0, "percent_covered_display": "0", "missing_lines": 20, "excluded_lines": 0}, "missing_lines": [247, 248, 249, 251, 257, 258, 259, 260, 261, 262, 263, 264, 265, 266, 267, 268, 269, 270, 272, 279], "excluded_lines": []}, "check_operation_budget": {"executed_lines": [], "summary": {"covered_lines": 0, "num_statements": 3, "percent_covered": 0.0, "percent_covered_display": "0", "missing_lines": 3, "excluded_lines": 0}, "missing_lines": [301, 302, 303], "excluded_lines": []}, "test_budget_validation": {"executed_lines": [], "summary": {"covered_lines": 0, "num_statements": 0, "percent_covered": 100.0, "percent_covered_display": "100", "missing_lines": 0, "excluded_lines": 29}, "missing_lines": [], "excluded_lines": [311, 312, 313, 314, 315, 316, 317, 318, 319, 320, 321, 322, 323, 324, 325, 326, 327, 328, 329, 330, 331, 332, 333, 334, 335, 336, 337, 338, 339]}, "": {"executed_lines": [1, 6, 7, 8, 9, 10, 12, 14, 17, 18, 19, 20, 21, 22, 25, 26, 27, 28, 29, 30, 31, 32, 33, 34, 37, 38, 40, 72, 158, 183, 292, 307], "summary": {"covered_lines": 27, "num_statements": 27, "percent_covered": 100.0, "percent_covered_display": "100", "missing_lines": 0, "excluded_lines": 4}, "missing_lines": [], "excluded_lines": [307, 308, 310, 341]}}, "classes": {"BudgetActionLevel": {"executed_lines": [], "summary": {"covered_lines": 0, "num_statements": 0, "percent_covered": 100.0, "percent_covered_display": "100", "missing_lines": 0, "excluded_lines": 0}, "missing_lines": [], "excluded_lines": []}, "BudgetValidationResult": {"executed_lines": [], "summary": {"covered_lines": 0, "num_statements": 0, "percent_covered": 100.0, "percent_covered_display": "100", "missing_lines": 0, "excluded_lines": 0}, "missing_lines": [], "excluded_lines": []}, "BudgetValidator": {"executed_lines": [41, 44, 51], "summary": {"covered_lines": 3, "num_statements": 42, "percent_covered": 7.142857142857143, "percent_covered_display": "7", "missing_lines": 39, "excluded_lines": 0}, "missing_lines": [89, 92, 98, 99, 102, 103, 106, 107, 108, 111, 115, 116, 117, 120, 121, 123, 124, 125, 126, 128, 129, 130, 132, 133, 134, 137, 138, 139, 142, 143, 144, 145, 147, 173, 175, 176, 177, 178, 180], "excluded_lines": []}, "": {"executed_lines": [1, 6, 7, 8, 9, 10, 12, 14, 17, 18, 19, 20, 21, 22, 25, 26, 27, 28, 29, 30, 31, 32, 33, 34, 37, 38, 40, 72, 158, 183, 292, 307], "summary": {"covered_lines": 27, "num_statements": 80, "percent_covered": 33.75, "percent_covered_display": "34", "missing_lines": 53, "excluded_lines": 33}, "missing_lines": [194, 195, 196, 197, 200, 201, 204, 211, 213, 215, 217, 218, 220, 222, 223, 224, 226, 227, 229, 230, 231, 234, 242, 244, 245, 247, 248, 249, 251, 257, 258, 259, 260, 261, 262, 263, 264, 265, 266, 267, 268, 269, 270, 272, 279, 282, 283, 284, 286, 288, 301, 302, 303], "excluded_lines": [307, 308, 310, 311, 312, 313, 314, 315, 316, 317, 318, 319, 320, 321, 322, 323, 324, 325, 326, 327, 328, 329, 330, 331, 332, 333, 334, 335, 336, 337, 338, 339, 341]}}}, "backend/cost_management/cost_forecaster.py": {"executed_lines": [], "summary": {"covered_lines": 0, "num_statements": 340, "percent_covered": 0.0, "percent_covered_display": "0", "missing_lines": 340, "excluded_lines": 67}, "missing_lines": [17, 18, 19, 20, 21, 22, 23, 24, 25, 26, 27, 30, 31, 34, 36, 37, 38, 39, 42, 44, 45, 46, 47, 50, 51, 53, 54, 55, 56, 57, 58, 59, 60, 61, 63, 65, 66, 67, 70, 71, 73, 74, 75, 76, 77, 78, 79, 81, 83, 84, 85, 88, 89, 91, 92, 93, 94, 95, 96, 97, 98, 99, 100, 102, 104, 105, 106, 107, 108, 109, 110, 113, 116, 123, 124, 127, 128, 129, 132, 133, 134, 137, 140, 141, 143, 145, 146, 147, 148, 149, 150, 164, 165, 166, 168, 170, 171, 172, 173, 174, 175, 176, 188, 189, 190, 192, 194, 195, 196, 197, 198, 199, 201, 203, 204, 205, 206, 207, 208, 210, 232, 233, 245, 248, 249, 252, 253, 255, 265, 266, 268, 269, 281, 282, 283, 284, 287, 288, 289, 292, 293, 294, 295, 297, 309, 311, 312, 315, 316, 319, 320, 321, 322, 323, 326, 327, 328, 330, 331, 334, 335, 338, 339, 340, 341, 342, 344, 346, 348, 349, 351, 352, 354, 357, 358, 359, 360, 362, 364, 366, 368, 369, 371, 374, 375, 376, 379, 382, 383, 384, 385, 387, 389, 403, 404, 406, 407, 408, 411, 412, 413, 414, 417, 418, 420, 421, 422, 423, 424, 425, 428, 429, 430, 431, 432, 433, 436, 439, 442, 443, 444, 445, 446, 448, 449, 452, 454, 470, 471, 473, 475, 477, 479, 480, 483, 484, 485, 488, 489, 490, 492, 493, 496, 497, 498, 499, 501, 502, 503, 506, 507, 508, 511, 512, 513, 515, 516, 518, 520, 541, 543, 544, 547, 548, 556, 557, 563, 576, 577, 578, 580, 581, 583, 593, 594, 596, 599, 604, 605, 606, 609, 617, 618, 619, 620, 627, 641, 651, 654, 657, 658, 661, 662, 663, 664, 666, 667, 668, 669, 670, 672, 673, 674, 675, 677, 697, 699, 702, 703, 704, 708, 711, 712, 713, 714, 716, 717, 720, 721, 722, 732, 733, 735, 736, 745, 747, 748, 749, 751, 752, 755, 756, 757, 767, 768, 769, 770, 779, 781, 783], "excluded_lines": [787, 788, 789, 790, 791, 792, 793, 794, 795, 796, 797, 798, 799, 800, 801, 802, 803, 804, 805, 806, 807, 808, 809, 810, 811, 812, 813, 814, 815, 816, 817, 818, 819, 820, 821, 822, 823, 824, 825, 826, 827, 828, 829, 830, 831, 832, 833, 834, 835, 836, 837, 838, 839, 840, 841, 842, 843, 844, 845, 846, 847, 848, 849, 850, 851, 852, 854], "functions": {"UsageMetrics.to_dict": {"executed_lines": [], "summary": {"covered_lines": 0, "num_statements": 3, "percent_covered": 0.0, "percent_covered_display": "0", "missing_lines": 3, "excluded_lines": 0}, "missing_lines": [65, 66, 67], "excluded_lines": []}, "CostForecast.to_dict": {"executed_lines": [], "summary": {"covered_lines": 0, "num_statements": 3, "percent_covered": 0.0, "percent_covered_display": "0", "missing_lines": 3, "excluded_lines": 0}, "missing_lines": [83, 84, 85], "excluded_lines": []}, "BudgetPlan.to_dict": {"executed_lines": [], "summary": {"covered_lines": 0, "num_statements": 7, "percent_covered": 0.0, "percent_covered_display": "0", "missing_lines": 7, "excluded_lines": 0}, "missing_lines": [104, 105, 106, 107, 108, 109, 110], "excluded_lines": []}, "CostForecaster.__init__": {"executed_lines": [], "summary": {"covered_lines": 0, "num_statements": 11, "percent_covered": 0.0, "percent_covered_display": "0", "missing_lines": 11, "excluded_lines": 0}, "missing_lines": [123, 124, 127, 128, 129, 132, 133, 134, 137, 140, 141], "excluded_lines": []}, "CostForecaster._load_historical_data": {"executed_lines": [], "summary": {"covered_lines": 0, "num_statements": 9, "percent_covered": 0.0, "percent_covered_display": "0", "missing_lines": 9, "excluded_lines": 0}, "missing_lines": [145, 146, 147, 148, 149, 150, 164, 165, 166], "excluded_lines": []}, "CostForecaster._load_budget_plans": {"executed_lines": [], "summary": {"covered_lines": 0, "num_statements": 10, "percent_covered": 0.0, "percent_covered_display": "0", "missing_lines": 10, "excluded_lines": 0}, "missing_lines": [170, 171, 172, 173, 174, 175, 176, 188, 189, 190], "excluded_lines": []}, "CostForecaster._save_historical_data": {"executed_lines": [], "summary": {"covered_lines": 0, "num_statements": 6, "percent_covered": 0.0, "percent_covered_display": "0", "missing_lines": 6, "excluded_lines": 0}, "missing_lines": [194, 195, 196, 197, 198, 199], "excluded_lines": []}, "CostForecaster._save_budget_plans": {"executed_lines": [], "summary": {"covered_lines": 0, "num_statements": 6, "percent_covered": 0.0, "percent_covered_display": "0", "missing_lines": 6, "excluded_lines": 0}, "missing_lines": [203, 204, 205, 206, 207, 208], "excluded_lines": []}, "CostForecaster.record_usage": {"executed_lines": [], "summary": {"covered_lines": 0, "num_statements": 7, "percent_covered": 0.0, "percent_covered_display": "0", "missing_lines": 7, "excluded_lines": 0}, "missing_lines": [232, 233, 245, 248, 249, 252, 253], "excluded_lines": []}, "CostForecaster.get_usage_stats": {"executed_lines": [], "summary": {"covered_lines": 0, "num_statements": 16, "percent_covered": 0.0, "percent_covered_display": "0", "missing_lines": 16, "excluded_lines": 0}, "missing_lines": [265, 266, 268, 269, 281, 282, 283, 284, 287, 288, 289, 292, 293, 294, 295, 297], "excluded_lines": []}, "CostForecaster._linear_trend_forecast": {"executed_lines": [], "summary": {"covered_lines": 0, "num_statements": 22, "percent_covered": 0.0, "percent_covered_display": "0", "missing_lines": 22, "excluded_lines": 0}, "missing_lines": [311, 312, 315, 316, 319, 320, 321, 322, 323, 326, 327, 328, 330, 331, 334, 335, 338, 339, 340, 341, 342, 344], "excluded_lines": []}, "CostForecaster._moving_average_forecast": {"executed_lines": [], "summary": {"covered_lines": 0, "num_statements": 11, "percent_covered": 0.0, "percent_covered_display": "0", "missing_lines": 11, "excluded_lines": 0}, "missing_lines": [348, 349, 351, 352, 354, 357, 358, 359, 360, 362, 364], "excluded_lines": []}, "CostForecaster._exponential_smoothing_forecast": {"executed_lines": [], "summary": {"covered_lines": 0, "num_statements": 12, "percent_covered": 0.0, "percent_covered_display": "0", "missing_lines": 12, "excluded_lines": 0}, "missing_lines": [368, 369, 371, 374, 375, 376, 379, 382, 383, 384, 385, 387], "excluded_lines": []}, "CostForecaster.generate_forecast": {"executed_lines": [], "summary": {"covered_lines": 0, "num_statements": 37, "percent_covered": 0.0, "percent_covered_display": "0", "missing_lines": 37, "excluded_lines": 0}, "missing_lines": [403, 404, 406, 407, 408, 411, 412, 413, 414, 417, 418, 420, 421, 422, 423, 424, 425, 428, 429, 430, 431, 432, 433, 436, 439, 442, 443, 444, 445, 446, 448, 449, 452, 454, 470, 471, 473], "excluded_lines": []}, "CostForecaster._generate_recommendations": {"executed_lines": [], "summary": {"covered_lines": 0, "num_statements": 27, "percent_covered": 0.0, "percent_covered_display": "0", "missing_lines": 27, "excluded_lines": 0}, "missing_lines": [477, 479, 480, 483, 484, 485, 488, 489, 490, 492, 493, 496, 497, 498, 499, 501, 502, 503, 506, 507, 508, 511, 512, 513, 515, 516, 518], "excluded_lines": []}, "CostForecaster.create_budget_plan": {"executed_lines": [], "summary": {"covered_lines": 0, "num_statements": 13, "percent_covered": 0.0, "percent_covered_display": "0", "missing_lines": 13, "excluded_lines": 0}, "missing_lines": [541, 543, 544, 547, 548, 556, 557, 563, 576, 577, 578, 580, 581], "excluded_lines": []}, "CostForecaster.get_budget_status": {"executed_lines": [], "summary": {"covered_lines": 0, "num_statements": 13, "percent_covered": 0.0, "percent_covered_display": "0", "missing_lines": 13, "excluded_lines": 0}, "missing_lines": [593, 594, 596, 599, 604, 605, 606, 609, 617, 618, 619, 620, 627], "excluded_lines": []}, "CostForecaster.get_cost_analytics": {"executed_lines": [], "summary": {"covered_lines": 0, "num_statements": 18, "percent_covered": 0.0, "percent_covered_display": "0", "missing_lines": 18, "excluded_lines": 0}, "missing_lines": [651, 654, 657, 658, 661, 662, 663, 664, 666, 667, 668, 669, 670, 672, 673, 674, 675, 677], "excluded_lines": []}, "get_cost_forecaster": {"executed_lines": [], "summary": {"covered_lines": 0, "num_statements": 3, "percent_covered": 0.0, "percent_covered_display": "0", "missing_lines": 3, "excluded_lines": 0}, "missing_lines": [702, 703, 704], "excluded_lines": []}, "with_cost_tracking": {"executed_lines": [], "summary": {"covered_lines": 0, "num_statements": 2, "percent_covered": 0.0, "percent_covered_display": "0", "missing_lines": 2, "excluded_lines": 0}, "missing_lines": [711, 783], "excluded_lines": []}, "with_cost_tracking.decorator": {"executed_lines": [], "summary": {"covered_lines": 0, "num_statements": 3, "percent_covered": 0.0, "percent_covered_display": "0", "missing_lines": 3, "excluded_lines": 0}, "missing_lines": [712, 747, 781], "excluded_lines": []}, "with_cost_tracking.decorator.async_wrapper": {"executed_lines": [], "summary": {"covered_lines": 0, "num_statements": 12, "percent_covered": 0.0, "percent_covered_display": "0", "missing_lines": 12, "excluded_lines": 0}, "missing_lines": [713, 714, 716, 717, 720, 721, 722, 732, 733, 735, 736, 745], "excluded_lines": []}, "with_cost_tracking.decorator.sync_wrapper": {"executed_lines": [], "summary": {"covered_lines": 0, "num_statements": 12, "percent_covered": 0.0, "percent_covered_display": "0", "missing_lines": 12, "excluded_lines": 0}, "missing_lines": [748, 749, 751, 752, 755, 756, 757, 767, 768, 769, 770, 779], "excluded_lines": []}, "test_cost_forecasting": {"executed_lines": [], "summary": {"covered_lines": 0, "num_statements": 0, "percent_covered": 100.0, "percent_covered_display": "100", "missing_lines": 0, "excluded_lines": 64}, "missing_lines": [], "excluded_lines": [789, 790, 791, 792, 793, 794, 795, 796, 797, 798, 799, 800, 801, 802, 803, 804, 805, 806, 807, 808, 809, 810, 811, 812, 813, 814, 815, 816, 817, 818, 819, 820, 821, 822, 823, 824, 825, 826, 827, 828, 829, 830, 831, 832, 833, 834, 835, 836, 837, 838, 839, 840, 841, 842, 843, 844, 845, 846, 847, 848, 849, 850, 851, 852]}, "": {"executed_lines": [], "summary": {"covered_lines": 0, "num_statements": 77, "percent_covered": 0.0, "percent_covered_display": "0", "missing_lines": 77, "excluded_lines": 3}, "missing_lines": [17, 18, 19, 20, 21, 22, 23, 24, 25, 26, 27, 30, 31, 34, 36, 37, 38, 39, 42, 44, 45, 46, 47, 50, 51, 53, 54, 55, 56, 57, 58, 59, 60, 61, 63, 70, 71, 73, 74, 75, 76, 77, 78, 79, 81, 88, 89, 91, 92, 93, 94, 95, 96, 97, 98, 99, 100, 102, 113, 116, 143, 168, 192, 201, 210, 255, 309, 346, 366, 389, 475, 520, 583, 641, 697, 699, 708], "excluded_lines": [787, 788, 854]}}, "classes": {"ForecastModel": {"executed_lines": [], "summary": {"covered_lines": 0, "num_statements": 0, "percent_covered": 100.0, "percent_covered_display": "100", "missing_lines": 0, "excluded_lines": 0}, "missing_lines": [], "excluded_lines": []}, "BudgetPeriod": {"executed_lines": [], "summary": {"covered_lines": 0, "num_statements": 0, "percent_covered": 100.0, "percent_covered_display": "100", "missing_lines": 0, "excluded_lines": 0}, "missing_lines": [], "excluded_lines": []}, "UsageMetrics": {"executed_lines": [], "summary": {"covered_lines": 0, "num_statements": 3, "percent_covered": 0.0, "percent_covered_display": "0", "missing_lines": 3, "excluded_lines": 0}, "missing_lines": [65, 66, 67], "excluded_lines": []}, "CostForecast": {"executed_lines": [], "summary": {"covered_lines": 0, "num_statements": 3, "percent_covered": 0.0, "percent_covered_display": "0", "missing_lines": 3, "excluded_lines": 0}, "missing_lines": [83, 84, 85], "excluded_lines": []}, "BudgetPlan": {"executed_lines": [], "summary": {"covered_lines": 0, "num_statements": 7, "percent_covered": 0.0, "percent_covered_display": "0", "missing_lines": 7, "excluded_lines": 0}, "missing_lines": [104, 105, 106, 107, 108, 109, 110], "excluded_lines": []}, "CostForecaster": {"executed_lines": [], "summary": {"covered_lines": 0, "num_statements": 218, "percent_covered": 0.0, "percent_covered_display": "0", "missing_lines": 218, "excluded_lines": 0}, "missing_lines": [123, 124, 127, 128, 129, 132, 133, 134, 137, 140, 141, 145, 146, 147, 148, 149, 150, 164, 165, 166, 170, 171, 172, 173, 174, 175, 176, 188, 189, 190, 194, 195, 196, 197, 198, 199, 203, 204, 205, 206, 207, 208, 232, 233, 245, 248, 249, 252, 253, 265, 266, 268, 269, 281, 282, 283, 284, 287, 288, 289, 292, 293, 294, 295, 297, 311, 312, 315, 316, 319, 320, 321, 322, 323, 326, 327, 328, 330, 331, 334, 335, 338, 339, 340, 341, 342, 344, 348, 349, 351, 352, 354, 357, 358, 359, 360, 362, 364, 368, 369, 371, 374, 375, 376, 379, 382, 383, 384, 385, 387, 403, 404, 406, 407, 408, 411, 412, 413, 414, 417, 418, 420, 421, 422, 423, 424, 425, 428, 429, 430, 431, 432, 433, 436, 439, 442, 443, 444, 445, 446, 448, 449, 452, 454, 470, 471, 473, 477, 479, 480, 483, 484, 485, 488, 489, 490, 492, 493, 496, 497, 498, 499, 501, 502, 503, 506, 507, 508, 511, 512, 513, 515, 516, 518, 541, 543, 544, 547, 548, 556, 557, 563, 576, 577, 578, 580, 581, 593, 594, 596, 599, 604, 605, 606, 609, 617, 618, 619, 620, 627, 651, 654, 657, 658, 661, 662, 663, 664, 666, 667, 668, 669, 670, 672, 673, 674, 675, 677], "excluded_lines": []}, "": {"executed_lines": [], "summary": {"covered_lines": 0, "num_statements": 109, "percent_covered": 0.0, "percent_covered_display": "0", "missing_lines": 109, "excluded_lines": 67}, "missing_lines": [17, 18, 19, 20, 21, 22, 23, 24, 25, 26, 27, 30, 31, 34, 36, 37, 38, 39, 42, 44, 45, 46, 47, 50, 51, 53, 54, 55, 56, 57, 58, 59, 60, 61, 63, 70, 71, 73, 74, 75, 76, 77, 78, 79, 81, 88, 89, 91, 92, 93, 94, 95, 96, 97, 98, 99, 100, 102, 113, 116, 143, 168, 192, 201, 210, 255, 309, 346, 366, 389, 475, 520, 583, 641, 697, 699, 702, 703, 704, 708, 711, 712, 713, 714, 716, 717, 720, 721, 722, 732, 733, 735, 736, 745, 747, 748, 749, 751, 752, 755, 756, 757, 767, 768, 769, 770, 779, 781, 783], "excluded_lines": [787, 788, 789, 790, 791, 792, 793, 794, 795, 796, 797, 798, 799, 800, 801, 802, 803, 804, 805, 806, 807, 808, 809, 810, 811, 812, 813, 814, 815, 816, 817, 818, 819, 820, 821, 822, 823, 824, 825, 826, 827, 828, 829, 830, 831, 832, 833, 834, 835, 836, 837, 838, 839, 840, 841, 842, 843, 844, 845, 846, 847, 848, 849, 850, 851, 852, 854]}}}, "backend/cost_management/dynamic_fallback.py": {"executed_lines": [], "summary": {"covered_lines": 0, "num_statements": 150, "percent_covered": 0.0, "percent_covered_display": "0", "missing_lines": 150, "excluded_lines": 45}, "missing_lines": [6, 7, 8, 9, 10, 11, 12, 14, 15, 16, 18, 21, 23, 24, 25, 26, 27, 28, 31, 32, 34, 35, 36, 37, 38, 39, 40, 41, 43, 44, 45, 46, 47, 50, 53, 54, 55, 56, 59, 69, 92, 110, 111, 114, 115, 116, 120, 121, 122, 124, 125, 126, 129, 131, 139, 140, 142, 143, 145, 146, 148, 149, 151, 152, 154, 155, 157, 159, 165, 167, 169, 171, 186, 188, 196, 197, 200, 206, 211, 213, 217, 231, 233, 240, 242, 243, 257, 259, 265, 266, 268, 282, 290, 292, 293, 295, 310, 316, 318, 327, 341, 350, 360, 362, 365, 368, 379, 380, 381, 383, 385, 388, 395, 397, 403, 412, 413, 414, 415, 416, 417, 419, 425, 435, 438, 439, 440, 442, 445, 447, 448, 449, 451, 458, 469, 471, 472, 474, 475, 477, 481, 488, 490, 491, 492, 494, 502, 503, 505, 507], "excluded_lines": [511, 512, 513, 514, 515, 516, 517, 518, 519, 520, 521, 522, 523, 524, 525, 526, 527, 528, 529, 530, 531, 532, 533, 534, 535, 536, 537, 538, 539, 540, 541, 542, 543, 544, 545, 546, 547, 548, 549, 550, 551, 552, 553, 554, 556], "functions": {"FallbackResponse.__post_init__": {"executed_lines": [], "summary": {"covered_lines": 0, "num_statements": 4, "percent_covered": 0.0, "percent_covered_display": "0", "missing_lines": 4, "excluded_lines": 0}, "missing_lines": [44, 45, 46, 47], "excluded_lines": []}, "DynamicFallbackManager.__init__": {"executed_lines": [], "summary": {"covered_lines": 0, "num_statements": 5, "percent_covered": 0.0, "percent_covered_display": "0", "missing_lines": 5, "excluded_lines": 0}, "missing_lines": [54, 55, 56, 59, 69], "excluded_lines": []}, "DynamicFallbackManager.execute_fallback": {"executed_lines": [], "summary": {"covered_lines": 0, "num_statements": 12, "percent_covered": 0.0, "percent_covered_display": "0", "missing_lines": 12, "excluded_lines": 0}, "missing_lines": [110, 111, 114, 115, 116, 120, 121, 122, 124, 125, 126, 129], "excluded_lines": []}, "DynamicFallbackManager._try_strategy": {"executed_lines": [], "summary": {"covered_lines": 0, "num_statements": 13, "percent_covered": 0.0, "percent_covered_display": "0", "missing_lines": 13, "excluded_lines": 0}, "missing_lines": [139, 140, 142, 143, 145, 146, 148, 149, 151, 152, 154, 155, 157], "excluded_lines": []}, "DynamicFallbackManager._cache_only_fallback": {"executed_lines": [], "summary": {"covered_lines": 0, "num_statements": 5, "percent_covered": 0.0, "percent_covered_display": "0", "missing_lines": 5, "excluded_lines": 0}, "missing_lines": [165, 167, 169, 171, 186], "excluded_lines": []}, "DynamicFallbackManager._model_downgrade_fallback": {"executed_lines": [], "summary": {"covered_lines": 0, "num_statements": 8, "percent_covered": 0.0, "percent_covered_display": "0", "missing_lines": 8, "excluded_lines": 0}, "missing_lines": [196, 197, 200, 206, 211, 213, 217, 231], "excluded_lines": []}, "DynamicFallbackManager._local_processing_fallback": {"executed_lines": [], "summary": {"covered_lines": 0, "num_statements": 4, "percent_covered": 0.0, "percent_covered_display": "0", "missing_lines": 4, "excluded_lines": 0}, "missing_lines": [240, 242, 243, 257], "excluded_lines": []}, "DynamicFallbackManager._simplified_response_fallback": {"executed_lines": [], "summary": {"covered_lines": 0, "num_statements": 3, "percent_covered": 0.0, "percent_covered_display": "0", "missing_lines": 3, "excluded_lines": 0}, "missing_lines": [265, 266, 268], "excluded_lines": []}, "DynamicFallbackManager._deferred_processing_fallback": {"executed_lines": [], "summary": {"covered_lines": 0, "num_statements": 4, "percent_covered": 0.0, "percent_covered_display": "0", "missing_lines": 4, "excluded_lines": 0}, "missing_lines": [290, 292, 293, 295], "excluded_lines": []}, "DynamicFallbackManager._graceful_denial_fallback": {"executed_lines": [], "summary": {"covered_lines": 0, "num_statements": 3, "percent_covered": 0.0, "percent_covered_display": "0", "missing_lines": 3, "excluded_lines": 0}, "missing_lines": [316, 318, 327], "excluded_lines": []}, "DynamicFallbackManager._generate_budget_conscious_response": {"executed_lines": [], "summary": {"covered_lines": 0, "num_statements": 2, "percent_covered": 0.0, "percent_covered_display": "0", "missing_lines": 2, "excluded_lines": 0}, "missing_lines": [350, 360], "excluded_lines": []}, "DynamicFallbackManager._generate_local_response": {"executed_lines": [], "summary": {"covered_lines": 0, "num_statements": 6, "percent_covered": 0.0, "percent_covered_display": "0", "missing_lines": 6, "excluded_lines": 0}, "missing_lines": [365, 368, 379, 380, 381, 383], "excluded_lines": []}, "DynamicFallbackManager._extract_basic_citations": {"executed_lines": [], "summary": {"covered_lines": 0, "num_statements": 2, "percent_covered": 0.0, "percent_covered_display": "0", "missing_lines": 2, "excluded_lines": 0}, "missing_lines": [388, 395], "excluded_lines": []}, "DynamicFallbackManager._queue_for_later_processing": {"executed_lines": [], "summary": {"covered_lines": 0, "num_statements": 7, "percent_covered": 0.0, "percent_covered_display": "0", "missing_lines": 7, "excluded_lines": 0}, "missing_lines": [403, 412, 413, 414, 415, 416, 417], "excluded_lines": []}, "DynamicFallbackManager.get_fallback_statistics": {"executed_lines": [], "summary": {"covered_lines": 0, "num_statements": 1, "percent_covered": 0.0, "percent_covered_display": "0", "missing_lines": 1, "excluded_lines": 0}, "missing_lines": [425], "excluded_lines": []}, "with_dynamic_fallback": {"executed_lines": [], "summary": {"covered_lines": 0, "num_statements": 2, "percent_covered": 0.0, "percent_covered_display": "0", "missing_lines": 2, "excluded_lines": 0}, "missing_lines": [438, 507], "excluded_lines": []}, "with_dynamic_fallback.decorator": {"executed_lines": [], "summary": {"covered_lines": 0, "num_statements": 5, "percent_covered": 0.0, "percent_covered_display": "0", "missing_lines": 5, "excluded_lines": 0}, "missing_lines": [439, 488, 502, 503, 505], "excluded_lines": []}, "with_dynamic_fallback.decorator.async_wrapper": {"executed_lines": [], "summary": {"covered_lines": 0, "num_statements": 15, "percent_covered": 0.0, "percent_covered_display": "0", "missing_lines": 15, "excluded_lines": 0}, "missing_lines": [440, 442, 445, 447, 448, 449, 451, 458, 469, 471, 472, 474, 475, 477, 481], "excluded_lines": []}, "with_dynamic_fallback.decorator.sync_wrapper": {"executed_lines": [], "summary": {"covered_lines": 0, "num_statements": 4, "percent_covered": 0.0, "percent_covered_display": "0", "missing_lines": 4, "excluded_lines": 0}, "missing_lines": [490, 491, 492, 494], "excluded_lines": []}, "test_dynamic_fallbacks": {"executed_lines": [], "summary": {"covered_lines": 0, "num_statements": 0, "percent_covered": 100.0, "percent_covered_display": "100", "missing_lines": 0, "excluded_lines": 42}, "missing_lines": [], "excluded_lines": [513, 514, 515, 516, 517, 518, 519, 520, 521, 522, 523, 524, 525, 526, 527, 528, 529, 530, 531, 532, 533, 534, 535, 536, 537, 538, 539, 540, 541, 542, 543, 544, 545, 546, 547, 548, 549, 550, 551, 552, 553, 554]}, "": {"executed_lines": [], "summary": {"covered_lines": 0, "num_statements": 45, "percent_covered": 0.0, "percent_covered_display": "0", "missing_lines": 45, "excluded_lines": 3}, "missing_lines": [6, 7, 8, 9, 10, 11, 12, 14, 15, 16, 18, 21, 23, 24, 25, 26, 27, 28, 31, 32, 34, 35, 36, 37, 38, 39, 40, 41, 43, 50, 53, 92, 131, 159, 188, 233, 259, 282, 310, 341, 362, 385, 397, 419, 435], "excluded_lines": [511, 512, 556]}}, "classes": {"FallbackStrategy": {"executed_lines": [], "summary": {"covered_lines": 0, "num_statements": 0, "percent_covered": 100.0, "percent_covered_display": "100", "missing_lines": 0, "excluded_lines": 0}, "missing_lines": [], "excluded_lines": []}, "FallbackResponse": {"executed_lines": [], "summary": {"covered_lines": 0, "num_statements": 4, "percent_covered": 0.0, "percent_covered_display": "0", "missing_lines": 4, "excluded_lines": 0}, "missing_lines": [44, 45, 46, 47], "excluded_lines": []}, "DynamicFallbackManager": {"executed_lines": [], "summary": {"covered_lines": 0, "num_statements": 75, "percent_covered": 0.0, "percent_covered_display": "0", "missing_lines": 75, "excluded_lines": 0}, "missing_lines": [54, 55, 56, 59, 69, 110, 111, 114, 115, 116, 120, 121, 122, 124, 125, 126, 129, 139, 140, 142, 143, 145, 146, 148, 149, 151, 152, 154, 155, 157, 165, 167, 169, 171, 186, 196, 197, 200, 206, 211, 213, 217, 231, 240, 242, 243, 257, 265, 266, 268, 290, 292, 293, 295, 316, 318, 327, 350, 360, 365, 368, 379, 380, 381, 383, 388, 395, 403, 412, 413, 414, 415, 416, 417, 425], "excluded_lines": []}, "": {"executed_lines": [], "summary": {"covered_lines": 0, "num_statements": 71, "percent_covered": 0.0, "percent_covered_display": "0", "missing_lines": 71, "excluded_lines": 45}, "missing_lines": [6, 7, 8, 9, 10, 11, 12, 14, 15, 16, 18, 21, 23, 24, 25, 26, 27, 28, 31, 32, 34, 35, 36, 37, 38, 39, 40, 41, 43, 50, 53, 92, 131, 159, 188, 233, 259, 282, 310, 341, 362, 385, 397, 419, 435, 438, 439, 440, 442, 445, 447, 448, 449, 451, 458, 469, 471, 472, 474, 475, 477, 481, 488, 490, 491, 492, 494, 502, 503, 505, 507], "excluded_lines": [511, 512, 513, 514, 515, 516, 517, 518, 519, 520, 521, 522, 523, 524, 525, 526, 527, 528, 529, 530, 531, 532, 533, 534, 535, 536, 537, 538, 539, 540, 541, 542, 543, 544, 545, 546, 547, 548, 549, 550, 551, 552, 553, 554, 556]}}}, "backend/cost_management/graceful_degradation.py": {"executed_lines": [], "summary": {"covered_lines": 0, "num_statements": 285, "percent_covered": 0.0, "percent_covered_display": "0", "missing_lines": 285, "excluded_lines": 45}, "missing_lines": [17, 18, 19, 20, 21, 22, 23, 24, 25, 28, 29, 32, 34, 35, 36, 37, 38, 41, 43, 44, 45, 46, 47, 48, 49, 52, 54, 55, 56, 57, 58, 61, 62, 64, 65, 66, 67, 68, 69, 70, 72, 74, 82, 83, 84, 87, 88, 90, 91, 92, 93, 94, 95, 96, 97, 98, 100, 101, 102, 103, 104, 106, 108, 109, 110, 111, 114, 117, 118, 141, 143, 144, 145, 148, 151, 158, 159, 162, 170, 171, 172, 175, 176, 179, 182, 184, 185, 187, 189, 190, 199, 207, 209, 210, 211, 212, 213, 215, 224, 225, 227, 229, 230, 231, 232, 233, 234, 236, 250, 251, 254, 255, 256, 257, 260, 261, 264, 266, 268, 269, 270, 272, 273, 274, 277, 278, 279, 280, 281, 282, 285, 286, 287, 290, 291, 292, 294, 295, 296, 299, 300, 302, 303, 304, 305, 307, 309, 314, 317, 331, 334, 337, 338, 340, 342, 344, 351, 352, 353, 355, 361, 363, 373, 380, 387, 394, 395, 396, 398, 408, 410, 412, 414, 416, 417, 420, 421, 422, 423, 425, 428, 429, 431, 433, 434, 437, 438, 439, 440, 442, 443, 444, 445, 447, 449, 451, 452, 453, 456, 457, 460, 461, 462, 464, 466, 468, 469, 470, 471, 472, 473, 475, 477, 479, 481, 482, 484, 486, 487, 488, 490, 496, 498, 500, 501, 502, 505, 506, 507, 508, 510, 511, 512, 514, 516, 517, 519, 521, 522, 530, 533, 534, 535, 536, 537, 539, 540, 541, 544, 546, 550, 554, 555, 557, 558, 560, 561, 562, 563, 564, 565, 566, 567, 568, 569, 571, 573, 574, 576, 577, 578, 579, 580, 581, 582, 583, 584, 585, 587, 589, 593, 595, 598, 599, 600], "excluded_lines": [604, 605, 606, 607, 608, 609, 610, 611, 612, 613, 614, 615, 616, 617, 618, 619, 620, 621, 622, 623, 624, 625, 626, 627, 628, 629, 630, 631, 632, 633, 634, 635, 636, 637, 638, 639, 640, 641, 642, 643, 644, 645, 646, 647, 649], "functions": {"DegradationStatus.to_dict": {"executed_lines": [], "summary": {"covered_lines": 0, "num_statements": 4, "percent_covered": 0.0, "percent_covered_display": "0", "missing_lines": 4, "excluded_lines": 0}, "missing_lines": [74, 82, 83, 84], "excluded_lines": []}, "UserNotification.__post_init__": {"executed_lines": [], "summary": {"covered_lines": 0, "num_statements": 4, "percent_covered": 0.0, "percent_covered_display": "0", "missing_lines": 4, "excluded_lines": 0}, "missing_lines": [101, 102, 103, 104], "excluded_lines": []}, "UserNotification.to_dict": {"executed_lines": [], "summary": {"covered_lines": 0, "num_statements": 4, "percent_covered": 0.0, "percent_covered_display": "0", "missing_lines": 4, "excluded_lines": 0}, "missing_lines": [108, 109, 110, 111], "excluded_lines": []}, "SpiritualMessageGenerator.__init__": {"executed_lines": [], "summary": {"covered_lines": 0, "num_statements": 1, "percent_covered": 0.0, "percent_covered_display": "0", "missing_lines": 1, "excluded_lines": 0}, "missing_lines": [118], "excluded_lines": []}, "SpiritualMessageGenerator.get_message": {"executed_lines": [], "summary": {"covered_lines": 0, "num_statements": 3, "percent_covered": 0.0, "percent_covered_display": "0", "missing_lines": 3, "excluded_lines": 0}, "missing_lines": [143, 144, 145], "excluded_lines": []}, "GracefulDegradationManager.__init__": {"executed_lines": [], "summary": {"covered_lines": 0, "num_statements": 12, "percent_covered": 0.0, "percent_covered_display": "0", "missing_lines": 12, "excluded_lines": 0}, "missing_lines": [158, 159, 162, 170, 171, 172, 175, 176, 179, 182, 184, 185], "excluded_lines": []}, "GracefulDegradationManager._initialize_component_health": {"executed_lines": [], "summary": {"covered_lines": 0, "num_statements": 3, "percent_covered": 0.0, "percent_covered_display": "0", "missing_lines": 3, "excluded_lines": 0}, "missing_lines": [189, 190, 199], "excluded_lines": []}, "GracefulDegradationManager._load_persistent_state": {"executed_lines": [], "summary": {"covered_lines": 0, "num_statements": 8, "percent_covered": 0.0, "percent_covered_display": "0", "missing_lines": 8, "excluded_lines": 0}, "missing_lines": [209, 210, 211, 212, 213, 215, 224, 225], "excluded_lines": []}, "GracefulDegradationManager._save_persistent_state": {"executed_lines": [], "summary": {"covered_lines": 0, "num_statements": 6, "percent_covered": 0.0, "percent_covered_display": "0", "missing_lines": 6, "excluded_lines": 0}, "missing_lines": [229, 230, 231, 232, 233, 234], "excluded_lines": []}, "GracefulDegradationManager.update_component_health": {"executed_lines": [], "summary": {"covered_lines": 0, "num_statements": 9, "percent_covered": 0.0, "percent_covered_display": "0", "missing_lines": 9, "excluded_lines": 0}, "missing_lines": [250, 251, 254, 255, 256, 257, 260, 261, 264], "excluded_lines": []}, "GracefulDegradationManager._evaluate_degradation_needs": {"executed_lines": [], "summary": {"covered_lines": 0, "num_statements": 28, "percent_covered": 0.0, "percent_covered_display": "0", "missing_lines": 28, "excluded_lines": 0}, "missing_lines": [268, 269, 270, 272, 273, 274, 277, 278, 279, 280, 281, 282, 285, 286, 287, 290, 291, 292, 294, 295, 296, 299, 300, 302, 303, 304, 305, 307], "excluded_lines": []}, "GracefulDegradationManager._apply_degradation": {"executed_lines": [], "summary": {"covered_lines": 0, "num_statements": 7, "percent_covered": 0.0, "percent_covered_display": "0", "missing_lines": 7, "excluded_lines": 0}, "missing_lines": [314, 317, 331, 334, 337, 338, 340], "excluded_lines": []}, "GracefulDegradationManager._estimate_recovery_time": {"executed_lines": [], "summary": {"covered_lines": 0, "num_statements": 4, "percent_covered": 0.0, "percent_covered_display": "0", "missing_lines": 4, "excluded_lines": 0}, "missing_lines": [344, 351, 352, 353], "excluded_lines": []}, "GracefulDegradationManager._create_degradation_notification": {"executed_lines": [], "summary": {"covered_lines": 0, "num_statements": 10, "percent_covered": 0.0, "percent_covered_display": "0", "missing_lines": 10, "excluded_lines": 0}, "missing_lines": [361, 363, 373, 380, 387, 394, 395, 396, 398, 408], "excluded_lines": []}, "GracefulDegradationManager._start_recovery_monitoring": {"executed_lines": [], "summary": {"covered_lines": 0, "num_statements": 11, "percent_covered": 0.0, "percent_covered_display": "0", "missing_lines": 11, "excluded_lines": 0}, "missing_lines": [412, 414, 437, 438, 439, 440, 442, 443, 444, 445, 447], "excluded_lines": []}, "GracefulDegradationManager._start_recovery_monitoring.monitor": {"executed_lines": [], "summary": {"covered_lines": 0, "num_statements": 12, "percent_covered": 0.0, "percent_covered_display": "0", "missing_lines": 12, "excluded_lines": 0}, "missing_lines": [416, 417, 420, 421, 422, 423, 425, 428, 429, 431, 433, 434], "excluded_lines": []}, "GracefulDegradationManager.add_notification": {"executed_lines": [], "summary": {"covered_lines": 0, "num_statements": 9, "percent_covered": 0.0, "percent_covered_display": "0", "missing_lines": 9, "excluded_lines": 0}, "missing_lines": [451, 452, 453, 456, 457, 460, 461, 462, 464], "excluded_lines": []}, "GracefulDegradationManager.dismiss_notification": {"executed_lines": [], "summary": {"covered_lines": 0, "num_statements": 6, "percent_covered": 0.0, "percent_covered_display": "0", "missing_lines": 6, "excluded_lines": 0}, "missing_lines": [468, 469, 470, 471, 472, 473], "excluded_lines": []}, "GracefulDegradationManager.get_current_status": {"executed_lines": [], "summary": {"covered_lines": 0, "num_statements": 1, "percent_covered": 0.0, "percent_covered_display": "0", "missing_lines": 1, "excluded_lines": 0}, "missing_lines": [477], "excluded_lines": []}, "GracefulDegradationManager.get_active_notifications": {"executed_lines": [], "summary": {"covered_lines": 0, "num_statements": 2, "percent_covered": 0.0, "percent_covered_display": "0", "missing_lines": 2, "excluded_lines": 0}, "missing_lines": [481, 482], "excluded_lines": []}, "GracefulDegradationManager.get_notification_history": {"executed_lines": [], "summary": {"covered_lines": 0, "num_statements": 3, "percent_covered": 0.0, "percent_covered_display": "0", "missing_lines": 3, "excluded_lines": 0}, "missing_lines": [486, 487, 488], "excluded_lines": []}, "GracefulDegradationManager.force_degradation": {"executed_lines": [], "summary": {"covered_lines": 0, "num_statements": 10, "percent_covered": 0.0, "percent_covered_display": "0", "missing_lines": 10, "excluded_lines": 0}, "missing_lines": [496, 498, 500, 505, 506, 507, 508, 510, 511, 512], "excluded_lines": []}, "GracefulDegradationManager.force_degradation.auto_recover": {"executed_lines": [], "summary": {"covered_lines": 0, "num_statements": 2, "percent_covered": 0.0, "percent_covered_display": "0", "missing_lines": 2, "excluded_lines": 0}, "missing_lines": [501, 502], "excluded_lines": []}, "GracefulDegradationManager.get_component_health": {"executed_lines": [], "summary": {"covered_lines": 0, "num_statements": 2, "percent_covered": 0.0, "percent_covered_display": "0", "missing_lines": 2, "excluded_lines": 0}, "missing_lines": [516, 517], "excluded_lines": []}, "GracefulDegradationManager.reset_component_health": {"executed_lines": [], "summary": {"covered_lines": 0, "num_statements": 2, "percent_covered": 0.0, "percent_covered_display": "0", "missing_lines": 2, "excluded_lines": 0}, "missing_lines": [521, 522], "excluded_lines": []}, "GracefulDegradationManager.shutdown": {"executed_lines": [], "summary": {"covered_lines": 0, "num_statements": 10, "percent_covered": 0.0, "percent_covered_display": "0", "missing_lines": 10, "excluded_lines": 0}, "missing_lines": [533, 534, 535, 536, 537, 539, 540, 541, 544, 546], "excluded_lines": []}, "with_degradation_monitoring": {"executed_lines": [], "summary": {"covered_lines": 0, "num_statements": 2, "percent_covered": 0.0, "percent_covered_display": "0", "missing_lines": 2, "excluded_lines": 0}, "missing_lines": [554, 589], "excluded_lines": []}, "with_degradation_monitoring.decorator": {"executed_lines": [], "summary": {"covered_lines": 0, "num_statements": 3, "percent_covered": 0.0, "percent_covered_display": "0", "missing_lines": 3, "excluded_lines": 0}, "missing_lines": [555, 571, 587], "excluded_lines": []}, "with_degradation_monitoring.decorator.async_wrapper": {"executed_lines": [], "summary": {"covered_lines": 0, "num_statements": 12, "percent_covered": 0.0, "percent_covered_display": "0", "missing_lines": 12, "excluded_lines": 0}, "missing_lines": [557, 558, 560, 561, 562, 563, 564, 565, 566, 567, 568, 569], "excluded_lines": []}, "with_degradation_monitoring.decorator.sync_wrapper": {"executed_lines": [], "summary": {"covered_lines": 0, "num_statements": 12, "percent_covered": 0.0, "percent_covered_display": "0", "missing_lines": 12, "excluded_lines": 0}, "missing_lines": [573, 574, 576, 577, 578, 579, 580, 581, 582, 583, 584, 585], "excluded_lines": []}, "get_degradation_manager": {"executed_lines": [], "summary": {"covered_lines": 0, "num_statements": 3, "percent_covered": 0.0, "percent_covered_display": "0", "missing_lines": 3, "excluded_lines": 0}, "missing_lines": [598, 599, 600], "excluded_lines": []}, "test_graceful_degradation": {"executed_lines": [], "summary": {"covered_lines": 0, "num_statements": 0, "percent_covered": 100.0, "percent_covered_display": "100", "missing_lines": 0, "excluded_lines": 42}, "missing_lines": [], "excluded_lines": [606, 607, 608, 609, 610, 611, 612, 613, 614, 615, 616, 617, 618, 619, 620, 621, 622, 623, 624, 625, 626, 627, 628, 629, 630, 631, 632, 633, 634, 635, 636, 637, 638, 639, 640, 641, 642, 643, 644, 645, 646, 647]}, "": {"executed_lines": [], "summary": {"covered_lines": 0, "num_statements": 80, "percent_covered": 0.0, "percent_covered_display": "0", "missing_lines": 80, "excluded_lines": 3}, "missing_lines": [17, 18, 19, 20, 21, 22, 23, 24, 25, 28, 29, 32, 34, 35, 36, 37, 38, 41, 43, 44, 45, 46, 47, 48, 49, 52, 54, 55, 56, 57, 58, 61, 62, 64, 65, 66, 67, 68, 69, 70, 72, 87, 88, 90, 91, 92, 93, 94, 95, 96, 97, 98, 100, 106, 114, 117, 141, 148, 151, 187, 207, 227, 236, 266, 309, 342, 355, 410, 449, 466, 475, 479, 484, 490, 514, 519, 530, 550, 593, 595], "excluded_lines": [604, 605, 649]}}, "classes": {"DegradationLevel": {"executed_lines": [], "summary": {"covered_lines": 0, "num_statements": 0, "percent_covered": 100.0, "percent_covered_display": "100", "missing_lines": 0, "excluded_lines": 0}, "missing_lines": [], "excluded_lines": []}, "ServiceComponent": {"executed_lines": [], "summary": {"covered_lines": 0, "num_statements": 0, "percent_covered": 100.0, "percent_covered_display": "100", "missing_lines": 0, "excluded_lines": 0}, "missing_lines": [], "excluded_lines": []}, "NotificationType": {"executed_lines": [], "summary": {"covered_lines": 0, "num_statements": 0, "percent_covered": 100.0, "percent_covered_display": "100", "missing_lines": 0, "excluded_lines": 0}, "missing_lines": [], "excluded_lines": []}, "DegradationStatus": {"executed_lines": [], "summary": {"covered_lines": 0, "num_statements": 4, "percent_covered": 0.0, "percent_covered_display": "0", "missing_lines": 4, "excluded_lines": 0}, "missing_lines": [74, 82, 83, 84], "excluded_lines": []}, "UserNotification": {"executed_lines": [], "summary": {"covered_lines": 0, "num_statements": 8, "percent_covered": 0.0, "percent_covered_display": "0", "missing_lines": 8, "excluded_lines": 0}, "missing_lines": [101, 102, 103, 104, 108, 109, 110, 111], "excluded_lines": []}, "SpiritualMessageGenerator": {"executed_lines": [], "summary": {"covered_lines": 0, "num_statements": 4, "percent_covered": 0.0, "percent_covered_display": "0", "missing_lines": 4, "excluded_lines": 0}, "missing_lines": [118, 143, 144, 145], "excluded_lines": []}, "GracefulDegradationManager": {"executed_lines": [], "summary": {"covered_lines": 0, "num_statements": 157, "percent_covered": 0.0, "percent_covered_display": "0", "missing_lines": 157, "excluded_lines": 0}, "missing_lines": [158, 159, 162, 170, 171, 172, 175, 176, 179, 182, 184, 185, 189, 190, 199, 209, 210, 211, 212, 213, 215, 224, 225, 229, 230, 231, 232, 233, 234, 250, 251, 254, 255, 256, 257, 260, 261, 264, 268, 269, 270, 272, 273, 274, 277, 278, 279, 280, 281, 282, 285, 286, 287, 290, 291, 292, 294, 295, 296, 299, 300, 302, 303, 304, 305, 307, 314, 317, 331, 334, 337, 338, 340, 344, 351, 352, 353, 361, 363, 373, 380, 387, 394, 395, 396, 398, 408, 412, 414, 416, 417, 420, 421, 422, 423, 425, 428, 429, 431, 433, 434, 437, 438, 439, 440, 442, 443, 444, 445, 447, 451, 452, 453, 456, 457, 460, 461, 462, 464, 468, 469, 470, 471, 472, 473, 477, 481, 482, 486, 487, 488, 496, 498, 500, 501, 502, 505, 506, 507, 508, 510, 511, 512, 516, 517, 521, 522, 533, 534, 535, 536, 537, 539, 540, 541, 544, 546], "excluded_lines": []}, "": {"executed_lines": [], "summary": {"covered_lines": 0, "num_statements": 112, "percent_covered": 0.0, "percent_covered_display": "0", "missing_lines": 112, "excluded_lines": 45}, "missing_lines": [17, 18, 19, 20, 21, 22, 23, 24, 25, 28, 29, 32, 34, 35, 36, 37, 38, 41, 43, 44, 45, 46, 47, 48, 49, 52, 54, 55, 56, 57, 58, 61, 62, 64, 65, 66, 67, 68, 69, 70, 72, 87, 88, 90, 91, 92, 93, 94, 95, 96, 97, 98, 100, 106, 114, 117, 141, 148, 151, 187, 207, 227, 236, 266, 309, 342, 355, 410, 449, 466, 475, 479, 484, 490, 514, 519, 530, 550, 554, 555, 557, 558, 560, 561, 562, 563, 564, 565, 566, 567, 568, 569, 571, 573, 574, 576, 577, 578, 579, 580, 581, 582, 583, 584, 585, 587, 589, 593, 595, 598, 599, 600], "excluded_lines": [604, 605, 606, 607, 608, 609, 610, 611, 612, 613, 614, 615, 616, 617, 618, 619, 620, 621, 622, 623, 624, 625, 626, 627, 628, 629, 630, 631, 632, 633, 634, 635, 636, 637, 638, 639, 640, 641, 642, 643, 644, 645, 646, 647, 649]}}}, "backend/cost_management/intelligent_cache.py": {"executed_lines": [1, 6, 7, 8, 9, 10, 11, 12, 13, 14, 15, 16, 17, 19, 22, 23, 24, 25, 26, 27, 28, 29, 30, 31, 32, 33, 35, 40, 41, 42, 43, 44, 45, 46, 47, 49, 55, 61, 62, 64, 78, 79, 81, 82, 83, 86, 89, 92, 95, 97, 120, 126, 134, 158, 235, 281, 302, 311, 313, 314, 315, 317, 318, 319, 320, 323, 324, 325, 326, 336, 341, 354, 369, 370, 374, 409, 434, 436, 444, 520], "summary": {"covered_lines": 74, "num_statements": 221, "percent_covered": 33.484162895927604, "percent_covered_display": "33", "missing_lines": 147, "excluded_lines": 51}, "missing_lines": [36, 37, 50, 51, 52, 53, 56, 57, 58, 100, 103, 114, 115, 118, 122, 123, 124, 128, 129, 132, 136, 137, 139, 141, 142, 145, 146, 147, 150, 152, 153, 154, 156, 171, 173, 175, 176, 179, 180, 182, 183, 186, 187, 189, 192, 203, 205, 207, 208, 211, 213, 214, 216, 219, 231, 232, 233, 252, 253, 255, 256, 258, 269, 272, 273, 276, 278, 279, 284, 289, 291, 292, 293, 296, 297, 298, 300, 304, 305, 306, 307, 308, 309, 329, 331, 332, 334, 338, 339, 343, 356, 357, 360, 361, 364, 366, 388, 389, 391, 392, 393, 396, 399, 402, 405, 407, 412, 415, 426, 427, 430, 439, 440, 441, 453, 454, 455, 456, 457, 459, 462, 465, 467, 468, 469, 472, 475, 476, 483, 485, 486, 487, 488, 490, 491, 493, 494, 495, 497, 499, 500, 507, 510, 511, 512, 514, 516], "excluded_lines": [520, 521, 523, 524, 525, 526, 527, 528, 529, 530, 531, 532, 533, 534, 535, 536, 537, 538, 539, 540, 541, 542, 543, 544, 545, 546, 547, 548, 549, 550, 551, 552, 553, 554, 555, 556, 557, 558, 559, 560, 561, 562, 563, 564, 565, 566, 567, 568, 569, 570, 572], "functions": {"CachedResponse.__post_init__": {"executed_lines": [], "summary": {"covered_lines": 0, "num_statements": 2, "percent_covered": 0.0, "percent_covered_display": "0", "missing_lines": 2, "excluded_lines": 0}, "missing_lines": [36, 37], "excluded_lines": []}, "CacheStats.update_hit": {"executed_lines": [], "summary": {"covered_lines": 0, "num_statements": 4, "percent_covered": 0.0, "percent_covered_display": "0", "missing_lines": 4, "excluded_lines": 0}, "missing_lines": [50, 51, 52, 53], "excluded_lines": []}, "CacheStats.update_miss": {"executed_lines": [], "summary": {"covered_lines": 0, "num_statements": 3, "percent_covered": 0.0, "percent_covered_display": "0", "missing_lines": 3, "excluded_lines": 0}, "missing_lines": [56, 57, 58], "excluded_lines": []}, "SpiritualQueryCache.__init__": {"executed_lines": [78, 79, 81, 82, 83, 86, 89, 92, 95], "summary": {"covered_lines": 9, "num_statements": 9, "percent_covered": 100.0, "percent_covered_display": "100", "missing_lines": 0, "excluded_lines": 0}, "missing_lines": [], "excluded_lines": []}, "SpiritualQueryCache._normalize_query": {"executed_lines": [], "summary": {"covered_lines": 0, "num_statements": 5, "percent_covered": 0.0, "percent_covered_display": "0", "missing_lines": 5, "excluded_lines": 0}, "missing_lines": [100, 103, 114, 115, 118], "excluded_lines": []}, "SpiritualQueryCache._compute_query_hash": {"executed_lines": [], "summary": {"covered_lines": 0, "num_statements": 3, "percent_covered": 0.0, "percent_covered_display": "0", "missing_lines": 3, "excluded_lines": 0}, "missing_lines": [122, 123, 124], "excluded_lines": []}, "SpiritualQueryCache._compute_similarity": {"executed_lines": [], "summary": {"covered_lines": 0, "num_statements": 3, "percent_covered": 0.0, "percent_covered_display": "0", "missing_lines": 3, "excluded_lines": 0}, "missing_lines": [128, 129, 132], "excluded_lines": []}, "SpiritualQueryCache._find_similar_responses": {"executed_lines": [], "summary": {"covered_lines": 0, "num_statements": 13, "percent_covered": 0.0, "percent_covered_display": "0", "missing_lines": 13, "excluded_lines": 0}, "missing_lines": [136, 137, 139, 141, 142, 145, 146, 147, 150, 152, 153, 154, 156], "excluded_lines": []}, "SpiritualQueryCache.get_cached_response": {"executed_lines": [], "summary": {"covered_lines": 0, "num_statements": 24, "percent_covered": 0.0, "percent_covered_display": "0", "missing_lines": 24, "excluded_lines": 0}, "missing_lines": [171, 173, 175, 176, 179, 180, 182, 183, 186, 187, 189, 192, 203, 205, 207, 208, 211, 213, 214, 216, 219, 231, 232, 233], "excluded_lines": []}, "SpiritualQueryCache.cache_response": {"executed_lines": [], "summary": {"covered_lines": 0, "num_statements": 11, "percent_covered": 0.0, "percent_covered_display": "0", "missing_lines": 11, "excluded_lines": 0}, "missing_lines": [252, 253, 255, 256, 258, 269, 272, 273, 276, 278, 279], "excluded_lines": []}, "SpiritualQueryCache._evict_old_entries": {"executed_lines": [], "summary": {"covered_lines": 0, "num_statements": 9, "percent_covered": 0.0, "percent_covered_display": "0", "missing_lines": 9, "excluded_lines": 0}, "missing_lines": [284, 289, 291, 292, 293, 296, 297, 298, 300], "excluded_lines": []}, "SpiritualQueryCache._save_cache_entry": {"executed_lines": [], "summary": {"covered_lines": 0, "num_statements": 6, "percent_covered": 0.0, "percent_covered_display": "0", "missing_lines": 6, "excluded_lines": 0}, "missing_lines": [304, 305, 306, 307, 308, 309], "excluded_lines": []}, "SpiritualQueryCache._load_cache": {"executed_lines": [313, 314, 315, 317, 318, 319, 320, 323, 324, 325, 326, 336], "summary": {"covered_lines": 12, "num_statements": 18, "percent_covered": 66.66666666666667, "percent_covered_display": "67", "missing_lines": 6, "excluded_lines": 0}, "missing_lines": [329, 331, 332, 334, 338, 339], "excluded_lines": []}, "SpiritualQueryCache.get_cache_stats": {"executed_lines": [], "summary": {"covered_lines": 0, "num_statements": 1, "percent_covered": 0.0, "percent_covered_display": "0", "missing_lines": 1, "excluded_lines": 0}, "missing_lines": [343], "excluded_lines": []}, "SpiritualQueryCache.clear_cache": {"executed_lines": [], "summary": {"covered_lines": 0, "num_statements": 6, "percent_covered": 0.0, "percent_covered_display": "0", "missing_lines": 6, "excluded_lines": 0}, "missing_lines": [356, 357, 360, 361, 364, 366], "excluded_lines": []}, "IntelligentRAGCache.__init__": {"executed_lines": [], "summary": {"covered_lines": 0, "num_statements": 10, "percent_covered": 0.0, "percent_covered_display": "0", "missing_lines": 10, "excluded_lines": 0}, "missing_lines": [388, 389, 391, 392, 393, 396, 399, 402, 405, 407], "excluded_lines": []}, "IntelligentRAGCache._normalize_query": {"executed_lines": [], "summary": {"covered_lines": 0, "num_statements": 5, "percent_covered": 0.0, "percent_covered_display": "0", "missing_lines": 5, "excluded_lines": 0}, "missing_lines": [412, 415, 426, 427, 430], "excluded_lines": []}, "get_spiritual_cache": {"executed_lines": [], "summary": {"covered_lines": 0, "num_statements": 3, "percent_covered": 0.0, "percent_covered_display": "0", "missing_lines": 3, "excluded_lines": 0}, "missing_lines": [439, 440, 441], "excluded_lines": []}, "cached_spiritual_response": {"executed_lines": [], "summary": {"covered_lines": 0, "num_statements": 3, "percent_covered": 0.0, "percent_covered_display": "0", "missing_lines": 3, "excluded_lines": 0}, "missing_lines": [453, 454, 516], "excluded_lines": []}, "cached_spiritual_response.decorator": {"executed_lines": [], "summary": {"covered_lines": 0, "num_statements": 7, "percent_covered": 0.0, "percent_covered_display": "0", "missing_lines": 7, "excluded_lines": 0}, "missing_lines": [455, 485, 486, 510, 511, 512, 514], "excluded_lines": []}, "cached_spiritual_response.decorator.async_wrapper": {"executed_lines": [], "summary": {"covered_lines": 0, "num_statements": 12, "percent_covered": 0.0, "percent_covered_display": "0", "missing_lines": 12, "excluded_lines": 0}, "missing_lines": [456, 457, 459, 462, 465, 467, 468, 469, 472, 475, 476, 483], "excluded_lines": []}, "cached_spiritual_response.decorator.sync_wrapper": {"executed_lines": [], "summary": {"covered_lines": 0, "num_statements": 11, "percent_covered": 0.0, "percent_covered_display": "0", "missing_lines": 11, "excluded_lines": 0}, "missing_lines": [487, 488, 490, 491, 493, 494, 495, 497, 499, 500, 507], "excluded_lines": []}, "test_caching_system": {"executed_lines": [], "summary": {"covered_lines": 0, "num_statements": 0, "percent_covered": 100.0, "percent_covered_display": "100", "missing_lines": 0, "excluded_lines": 47}, "missing_lines": [], "excluded_lines": [524, 525, 526, 527, 528, 529, 530, 531, 532, 533, 534, 535, 536, 537, 538, 539, 540, 541, 542, 543, 544, 545, 546, 547, 548, 549, 550, 551, 552, 553, 554, 555, 556, 557, 558, 559, 560, 561, 562, 563, 564, 565, 566, 567, 568, 569, 570]}, "": {"executed_lines": [1, 6, 7, 8, 9, 10, 11, 12, 13, 14, 15, 16, 17, 19, 22, 23, 24, 25, 26, 27, 28, 29, 30, 31, 32, 33, 35, 40, 41, 42, 43, 44, 45, 46, 47, 49, 55, 61, 62, 64, 97, 120, 126, 134, 158, 235, 281, 302, 311, 341, 354, 369, 370, 374, 409, 434, 436, 444, 520], "summary": {"covered_lines": 53, "num_statements": 53, "percent_covered": 100.0, "percent_covered_display": "100", "missing_lines": 0, "excluded_lines": 4}, "missing_lines": [], "excluded_lines": [520, 521, 523, 572]}}, "classes": {"CachedResponse": {"executed_lines": [], "summary": {"covered_lines": 0, "num_statements": 2, "percent_covered": 0.0, "percent_covered_display": "0", "missing_lines": 2, "excluded_lines": 0}, "missing_lines": [36, 37], "excluded_lines": []}, "CacheStats": {"executed_lines": [], "summary": {"covered_lines": 0, "num_statements": 7, "percent_covered": 0.0, "percent_covered_display": "0", "missing_lines": 7, "excluded_lines": 0}, "missing_lines": [50, 51, 52, 53, 56, 57, 58], "excluded_lines": []}, "SpiritualQueryCache": {"executed_lines": [78, 79, 81, 82, 83, 86, 89, 92, 95, 313, 314, 315, 317, 318, 319, 320, 323, 324, 325, 326, 336], "summary": {"covered_lines": 21, "num_statements": 108, "percent_covered": 19.444444444444443, "percent_covered_display": "19", "missing_lines": 87, "excluded_lines": 0}, "missing_lines": [100, 103, 114, 115, 118, 122, 123, 124, 128, 129, 132, 136, 137, 139, 141, 142, 145, 146, 147, 150, 152, 153, 154, 156, 171, 173, 175, 176, 179, 180, 182, 183, 186, 187, 189, 192, 203, 205, 207, 208, 211, 213, 214, 216, 219, 231, 232, 233, 252, 253, 255, 256, 258, 269, 272, 273, 276, 278, 279, 284, 289, 291, 292, 293, 296, 297, 298, 300, 304, 305, 306, 307, 308, 309, 329, 331, 332, 334, 338, 339, 343, 356, 357, 360, 361, 364, 366], "excluded_lines": []}, "IntelligentRAGCache": {"executed_lines": [], "summary": {"covered_lines": 0, "num_statements": 15, "percent_covered": 0.0, "percent_covered_display": "0", "missing_lines": 15, "excluded_lines": 0}, "missing_lines": [388, 389, 391, 392, 393, 396, 399, 402, 405, 407, 412, 415, 426, 427, 430], "excluded_lines": []}, "": {"executed_lines": [1, 6, 7, 8, 9, 10, 11, 12, 13, 14, 15, 16, 17, 19, 22, 23, 24, 25, 26, 27, 28, 29, 30, 31, 32, 33, 35, 40, 41, 42, 43, 44, 45, 46, 47, 49, 55, 61, 62, 64, 97, 120, 126, 134, 158, 235, 281, 302, 311, 341, 354, 369, 370, 374, 409, 434, 436, 444, 520], "summary": {"covered_lines": 53, "num_statements": 89, "percent_covered": 59.550561797752806, "percent_covered_display": "60", "missing_lines": 36, "excluded_lines": 51}, "missing_lines": [439, 440, 441, 453, 454, 455, 456, 457, 459, 462, 465, 467, 468, 469, 472, 475, 476, 483, 485, 486, 487, 488, 490, 491, 493, 494, 495, 497, 499, 500, 507, 510, 511, 512, 514, 516], "excluded_lines": [520, 521, 523, 524, 525, 526, 527, 528, 529, 530, 531, 532, 533, 534, 535, 536, 537, 538, 539, 540, 541, 542, 543, 544, 545, 546, 547, 548, 549, 550, 551, 552, 553, 554, 555, 556, 557, 558, 559, 560, 561, 562, 563, 564, 565, 566, 567, 568, 569, 570, 572]}}}, "backend/cost_management/model_switcher.py": {"executed_lines": [1, 6, 7, 8, 9, 10, 11, 13, 14, 16, 19, 20, 21, 22, 23, 26, 27, 28, 29, 30, 31, 32, 33, 36, 37, 38, 39, 40, 41, 42, 43, 44, 45, 48, 49, 51, 52, 53, 56, 74, 112, 121, 177, 206, 308, 328, 381, 415, 491, 493, 502], "summary": {"covered_lines": 45, "num_statements": 171, "percent_covered": 26.31578947368421, "percent_covered_display": "26", "missing_lines": 126, "excluded_lines": 52}, "missing_lines": [132, 133, 136, 137, 138, 139, 142, 143, 144, 145, 146, 149, 150, 151, 152, 153, 156, 157, 160, 161, 162, 163, 164, 167, 168, 171, 172, 173, 175, 189, 192, 193, 196, 199, 201, 204, 225, 228, 229, 230, 233, 234, 235, 238, 239, 242, 245, 246, 248, 250, 251, 252, 254, 256, 257, 258, 260, 262, 263, 264, 266, 268, 269, 270, 272, 274, 275, 276, 280, 281, 282, 283, 285, 286, 287, 290, 291, 292, 293, 295, 296, 298, 317, 318, 319, 321, 322, 324, 326, 346, 349, 352, 353, 355, 395, 424, 425, 426, 429, 430, 433, 440, 441, 442, 445, 448, 451, 452, 459, 461, 463, 464, 465, 467, 474, 475, 477, 478, 481, 482, 483, 485, 487, 496, 497, 498], "excluded_lines": [502, 503, 504, 505, 506, 507, 508, 509, 510, 511, 512, 513, 514, 515, 516, 517, 518, 519, 520, 521, 522, 523, 524, 525, 526, 527, 528, 529, 530, 531, 532, 533, 534, 535, 536, 537, 538, 539, 540, 541, 542, 543, 544, 545, 546, 547, 548, 549, 550, 551, 553, 554], "functions": {"ModelSwitcher.__init__": {"executed_lines": [52, 53, 56, 74, 112], "summary": {"covered_lines": 5, "num_statements": 5, "percent_covered": 100.0, "percent_covered_display": "100", "missing_lines": 0, "excluded_lines": 0}, "missing_lines": [], "excluded_lines": []}, "ModelSwitcher.analyze_query_complexity": {"executed_lines": [], "summary": {"covered_lines": 0, "num_statements": 29, "percent_covered": 0.0, "percent_covered_display": "0", "missing_lines": 29, "excluded_lines": 0}, "missing_lines": [132, 133, 136, 137, 138, 139, 142, 143, 144, 145, 146, 149, 150, 151, 152, 153, 156, 157, 160, 161, 162, 163, 164, 167, 168, 171, 172, 173, 175], "excluded_lines": []}, "ModelSwitcher.estimate_response_length": {"executed_lines": [], "summary": {"covered_lines": 0, "num_statements": 7, "percent_covered": 0.0, "percent_covered_display": "0", "missing_lines": 7, "excluded_lines": 0}, "missing_lines": [189, 192, 193, 196, 199, 201, 204], "excluded_lines": []}, "ModelSwitcher.should_use_pro_model": {"executed_lines": [], "summary": {"covered_lines": 0, "num_statements": 46, "percent_covered": 0.0, "percent_covered_display": "0", "missing_lines": 46, "excluded_lines": 0}, "missing_lines": [225, 228, 229, 230, 233, 234, 235, 238, 239, 242, 245, 246, 248, 250, 251, 252, 254, 256, 257, 258, 260, 262, 263, 264, 266, 268, 269, 270, 272, 274, 275, 276, 280, 281, 282, 283, 285, 286, 287, 290, 291, 292, 293, 295, 296, 298], "excluded_lines": []}, "ModelSwitcher.should_use_pro_model_with_budget": {"executed_lines": [], "summary": {"covered_lines": 0, "num_statements": 7, "percent_covered": 0.0, "percent_covered_display": "0", "missing_lines": 7, "excluded_lines": 0}, "missing_lines": [317, 318, 319, 321, 322, 324, 326], "excluded_lines": []}, "ModelSwitcher.get_model_recommendation": {"executed_lines": [], "summary": {"covered_lines": 0, "num_statements": 5, "percent_covered": 0.0, "percent_covered_display": "0", "missing_lines": 5, "excluded_lines": 0}, "missing_lines": [346, 349, 352, 353, 355], "excluded_lines": []}, "ModelSwitcher.get_switching_statistics": {"executed_lines": [], "summary": {"covered_lines": 0, "num_statements": 1, "percent_covered": 0.0, "percent_covered_display": "0", "missing_lines": 1, "excluded_lines": 0}, "missing_lines": [395], "excluded_lines": []}, "with_model_switching": {"executed_lines": [], "summary": {"covered_lines": 0, "num_statements": 2, "percent_covered": 0.0, "percent_covered_display": "0", "missing_lines": 2, "excluded_lines": 0}, "missing_lines": [424, 487], "excluded_lines": []}, "with_model_switching.decorator": {"executed_lines": [], "summary": {"covered_lines": 0, "num_statements": 6, "percent_covered": 0.0, "percent_covered_display": "0", "missing_lines": 6, "excluded_lines": 0}, "missing_lines": [425, 461, 481, 482, 483, 485], "excluded_lines": []}, "with_model_switching.decorator.async_wrapper": {"executed_lines": [], "summary": {"covered_lines": 0, "num_statements": 12, "percent_covered": 0.0, "percent_covered_display": "0", "missing_lines": 12, "excluded_lines": 0}, "missing_lines": [426, 429, 430, 433, 440, 441, 442, 445, 448, 451, 452, 459], "excluded_lines": []}, "with_model_switching.decorator.sync_wrapper": {"executed_lines": [], "summary": {"covered_lines": 0, "num_statements": 8, "percent_covered": 0.0, "percent_covered_display": "0", "missing_lines": 8, "excluded_lines": 0}, "missing_lines": [463, 464, 465, 467, 474, 475, 477, 478], "excluded_lines": []}, "get_model_switcher": {"executed_lines": [], "summary": {"covered_lines": 0, "num_statements": 3, "percent_covered": 0.0, "percent_covered_display": "0", "missing_lines": 3, "excluded_lines": 0}, "missing_lines": [496, 497, 498], "excluded_lines": []}, "test_model_switching": {"executed_lines": [], "summary": {"covered_lines": 0, "num_statements": 0, "percent_covered": 100.0, "percent_covered_display": "100", "missing_lines": 0, "excluded_lines": 48}, "missing_lines": [], "excluded_lines": [504, 505, 506, 507, 508, 509, 510, 511, 512, 513, 514, 515, 516, 517, 518, 519, 520, 521, 522, 523, 524, 525, 526, 527, 528, 529, 530, 531, 532, 533, 534, 535, 536, 537, 538, 539, 540, 541, 542, 543, 544, 545, 546, 547, 548, 549, 550, 551]}, "": {"executed_lines": [1, 6, 7, 8, 9, 10, 11, 13, 14, 16, 19, 20, 21, 22, 23, 26, 27, 28, 29, 30, 31, 32, 33, 36, 37, 38, 39, 40, 41, 42, 43, 44, 45, 48, 49, 51, 121, 177, 206, 308, 328, 381, 415, 491, 493, 502], "summary": {"covered_lines": 40, "num_statements": 40, "percent_covered": 100.0, "percent_covered_display": "100", "missing_lines": 0, "excluded_lines": 4}, "missing_lines": [], "excluded_lines": [502, 503, 553, 554]}}, "classes": {"ModelTier": {"executed_lines": [], "summary": {"covered_lines": 0, "num_statements": 0, "percent_covered": 100.0, "percent_covered_display": "100", "missing_lines": 0, "excluded_lines": 0}, "missing_lines": [], "excluded_lines": []}, "ModelConfig": {"executed_lines": [], "summary": {"covered_lines": 0, "num_statements": 0, "percent_covered": 100.0, "percent_covered_display": "100", "missing_lines": 0, "excluded_lines": 0}, "missing_lines": [], "excluded_lines": []}, "SwitchingDecision": {"executed_lines": [], "summary": {"covered_lines": 0, "num_statements": 0, "percent_covered": 100.0, "percent_covered_display": "100", "missing_lines": 0, "excluded_lines": 0}, "missing_lines": [], "excluded_lines": []}, "ModelSwitcher": {"executed_lines": [52, 53, 56, 74, 112], "summary": {"covered_lines": 5, "num_statements": 100, "percent_covered": 5.0, "percent_covered_display": "5", "missing_lines": 95, "excluded_lines": 0}, "missing_lines": [132, 133, 136, 137, 138, 139, 142, 143, 144, 145, 146, 149, 150, 151, 152, 153, 156, 157, 160, 161, 162, 163, 164, 167, 168, 171, 172, 173, 175, 189, 192, 193, 196, 199, 201, 204, 225, 228, 229, 230, 233, 234, 235, 238, 239, 242, 245, 246, 248, 250, 251, 252, 254, 256, 257, 258, 260, 262, 263, 264, 266, 268, 269, 270, 272, 274, 275, 276, 280, 281, 282, 283, 285, 286, 287, 290, 291, 292, 293, 295, 296, 298, 317, 318, 319, 321, 322, 324, 326, 346, 349, 352, 353, 355, 395], "excluded_lines": []}, "": {"executed_lines": [1, 6, 7, 8, 9, 10, 11, 13, 14, 16, 19, 20, 21, 22, 23, 26, 27, 28, 29, 30, 31, 32, 33, 36, 37, 38, 39, 40, 41, 42, 43, 44, 45, 48, 49, 51, 121, 177, 206, 308, 328, 381, 415, 491, 493, 502], "summary": {"covered_lines": 40, "num_statements": 71, "percent_covered": 56.33802816901409, "percent_covered_display": "56", "missing_lines": 31, "excluded_lines": 52}, "missing_lines": [424, 425, 426, 429, 430, 433, 440, 441, 442, 445, 448, 451, 452, 459, 461, 463, 464, 465, 467, 474, 475, 477, 478, 481, 482, 483, 485, 487, 496, 497, 498], "excluded_lines": [502, 503, 504, 505, 506, 507, 508, 509, 510, 511, 512, 513, 514, 515, 516, 517, 518, 519, 520, 521, 522, 523, 524, 525, 526, 527, 528, 529, 530, 531, 532, 533, 534, 535, 536, 537, 538, 539, 540, 541, 542, 543, 544, 545, 546, 547, 548, 549, 550, 551, 553, 554]}}}, "backend/cost_management/real_time_monitor.py": {"executed_lines": [], "summary": {"covered_lines": 0, "num_statements": 349, "percent_covered": 0.0, "percent_covered_display": "0", "missing_lines": 349, "excluded_lines": 0}, "missing_lines": [19, 20, 21, 22, 23, 24, 25, 26, 27, 28, 29, 30, 33, 34, 37, 39, 40, 41, 42, 45, 47, 48, 49, 50, 51, 52, 53, 56, 58, 59, 60, 61, 62, 63, 64, 65, 68, 69, 71, 72, 73, 74, 75, 76, 77, 78, 81, 82, 84, 85, 86, 87, 88, 89, 90, 91, 92, 93, 96, 97, 99, 100, 101, 102, 103, 104, 105, 106, 107, 110, 113, 120, 121, 122, 125, 126, 127, 128, 129, 132, 143, 144, 147, 150, 151, 153, 155, 157, 158, 159, 160, 161, 163, 164, 165, 166, 168, 170, 232, 233, 235, 237, 238, 239, 249, 251, 253, 254, 270, 271, 272, 273, 274, 276, 278, 279, 280
[...]
"percent_covered": 0.0, "percent_covered_display": "0", "missing_lines": 2, "excluded_lines": 0}, "missing_lines": [698, 709], "excluded_lines": []}, "SpiritualVoiceRecovery._alternative_input_method": {"executed_lines": [], "summary": {"covered_lines": 0, "num_statements": 5, "percent_covered": 0.0, "percent_covered_display": "0", "missing_lines": 5, "excluded_lines": 0}, "missing_lines": [718, 719, 721, 723, 725], "excluded_lines": []}, "SpiritualVoiceRecovery._use_cached_response": {"executed_lines": [], "summary": {"covered_lines": 0, "num_statements": 5, "percent_covered": 0.0, "percent_covered_display": "0", "missing_lines": 5, "excluded_lines": 0}, "missing_lines": [741, 742, 745, 747, 749], "excluded_lines": []}, "SpiritualVoiceRecovery._simulate_cached_response_retrieval": {"executed_lines": [], "summary": {"covered_lines": 0, "num_statements": 2, "percent_covered": 0.0, "percent_covered_display": "0", "missing_lines": 2, "excluded_lines": 0}, "missing_lines": [761, 762], "excluded_lines": []}, "SpiritualVoiceRecovery._apply_general_fallback": {"executed_lines": [], "summary": {"covered_lines": 0, "num_statements": 9, "percent_covered": 0.0, "percent_covered_display": "0", "missing_lines": 9, "excluded_lines": 0}, "missing_lines": [770, 772, 776, 777, 781, 783, 785, 787, 795], "excluded_lines": []}, "SpiritualVoiceRecovery._handle_text_only_fallback": {"executed_lines": [], "summary": {"covered_lines": 0, "num_statements": 2, "percent_covered": 0.0, "percent_covered_display": "0", "missing_lines": 2, "excluded_lines": 0}, "missing_lines": [810, 818], "excluded_lines": []}, "SpiritualVoiceRecovery._handle_simplified_voice_fallback": {"executed_lines": [], "summary": {"covered_lines": 0, "num_statements": 2, "percent_covered": 0.0, "percent_covered_display": "0", "missing_lines": 2, "excluded_lines": 0}, "missing_lines": [827, 835], "excluded_lines": []}, "SpiritualVoiceRecovery._handle_hybrid_mode_fallback": {"executed_lines": [], "summary": {"covered_lines": 0, "num_statements": 2, "percent_covered": 0.0, "percent_covered_display": "0", "missing_lines": 2, "excluded_lines": 0}, "missing_lines": [844, 852], "excluded_lines": []}, "SpiritualVoiceRecovery._handle_offline_mode_fallback": {"executed_lines": [], "summary": {"covered_lines": 0, "num_statements": 2, "percent_covered": 0.0, "percent_covered_display": "0", "missing_lines": 2, "excluded_lines": 0}, "missing_lines": [861, 869], "excluded_lines": []}, "SpiritualVoiceRecovery._handle_assisted_mode_fallback": {"executed_lines": [], "summary": {"covered_lines": 0, "num_statements": 2, "percent_covered": 0.0, "percent_covered_display": "0", "missing_lines": 2, "excluded_lines": 0}, "missing_lines": [878, 886], "excluded_lines": []}, "SpiritualVoiceRecovery.get_recovery_statistics": {"executed_lines": [], "summary": {"covered_lines": 0, "num_statements": 13, "percent_covered": 0.0, "percent_covered_display": "0", "missing_lines": 13, "excluded_lines": 0}, "missing_lines": [891, 894, 895, 896, 898, 899, 902, 903, 904, 905, 906, 912, 914], "excluded_lines": []}, "SpiritualVoiceRecovery.update_config": {"executed_lines": [], "summary": {"covered_lines": 0, "num_statements": 2, "percent_covered": 0.0, "percent_covered_display": "0", "missing_lines": 2, "excluded_lines": 0}, "missing_lines": [918, 919], "excluded_lines": []}, "SpiritualVoiceRecovery.handle_error": {"executed_lines": [932, 934, 981, 982, 983], "summary": {"covered_lines": 5, "num_statements": 16, "percent_covered": 31.25, "percent_covered_display": "31", "missing_lines": 11, "excluded_lines": 0}, "missing_lines": [945, 948, 950, 951, 959, 960, 961, 968, 969, 972, 973], "excluded_lines": []}, "SpiritualVoiceRecovery.handle_poor_quality": {"executed_lines": [1000, 1002, 1004, 1012, 1014, 1015, 1017, 1018, 1020, 1021, 1023], "summary": {"covered_lines": 11, "num_statements": 15, "percent_covered": 73.33333333333333, "percent_covered_display": "73", "missing_lines": 4, "excluded_lines": 0}, "missing_lines": [1005, 1031, 1032, 1033], "excluded_lines": []}, "SpiritualVoiceRecovery.handle_interruption": {"executed_lines": [1050, 1052, 1054, 1077, 1101, 1102, 1103], "summary": {"covered_lines": 7, "num_statements": 15, "percent_covered": 46.666666666666664, "percent_covered_display": "47", "missing_lines": 8, "excluded_lines": 0}, "missing_lines": [1083, 1092, 1093, 1094, 1095, 1096, 1098, 1099], "excluded_lines": []}, "SpiritualVoiceRecovery._classify_error": {"executed_lines": [1112, 1114, 1116, 1117], "summary": {"covered_lines": 4, "num_statements": 12, "percent_covered": 33.333333333333336, "percent_covered_display": "33", "missing_lines": 8, "excluded_lines": 0}, "missing_lines": [1115, 1118, 1119, 1120, 1121, 1122, 1123, 1125], "excluded_lines": []}, "": {"executed_lines": [1, 9, 10, 11, 12, 13, 14, 15, 16, 17, 19, 20, 25, 26, 27, 28, 29, 30, 31, 32, 33, 34, 35, 36, 37, 38, 41, 42, 43, 44, 45, 46, 47, 48, 49, 50, 53, 54, 55, 56, 57, 58, 59, 62, 63, 64, 65, 66, 67, 68, 69, 70, 73, 74, 77, 78, 79, 81, 84, 85, 86, 87, 88, 89, 90, 93, 96, 97, 100, 103, 104, 107, 108, 109, 110, 111, 112, 115, 116, 117, 120, 121, 122, 125, 126, 128, 131, 132, 136, 171, 347, 360, 442, 485, 498, 504, 532, 566, 573, 597, 629, 635, 661, 667, 695, 711, 734, 758, 764, 803, 820, 837, 854, 871, 888, 916, 921, 990, 1039, 1110], "summary": {"covered_lines": 112, "num_statements": 114, "percent_covered": 98.24561403508773, "percent_covered_display": "98", "missing_lines": 2, "excluded_lines": 0}, "missing_lines": [21, 22], "excluded_lines": []}}, "classes": {"VoiceErrorType": {"executed_lines": [], "summary": {"covered_lines": 0, "num_statements": 0, "percent_covered": 100.0, "percent_covered_display": "100", "missing_lines": 0, "excluded_lines": 0}, "missing_lines": [], "excluded_lines": []}, "RecoveryStrategy": {"executed_lines": [], "summary": {"covered_lines": 0, "num_statements": 0, "percent_covered": 100.0, "percent_covered_display": "100", "missing_lines": 0, "excluded_lines": 0}, "missing_lines": [], "excluded_lines": []}, "VoiceFallbackMode": {"executed_lines": [], "summary": {"covered_lines": 0, "num_statements": 0, "percent_covered": 100.0, "percent_covered_display": "100", "missing_lines": 0, "excluded_lines": 0}, "missing_lines": [], "excluded_lines": []}, "VoiceErrorContext": {"executed_lines": [], "summary": {"covered_lines": 0, "num_statements": 0, "percent_covered": 100.0, "percent_covered_display": "100", "missing_lines": 0, "excluded_lines": 0}, "missing_lines": [], "excluded_lines": []}, "RecoveryAction": {"executed_lines": [], "summary": {"covered_lines": 0, "num_statements": 0, "percent_covered": 100.0, "percent_covered_display": "100", "missing_lines": 0, "excluded_lines": 0}, "missing_lines": [], "excluded_lines": []}, "VoiceRecoveryResult": {"executed_lines": [], "summary": {"covered_lines": 0, "num_statements": 0, "percent_covered": 100.0, "percent_covered_display": "100", "missing_lines": 0, "excluded_lines": 0}, "missing_lines": [], "excluded_lines": []}, "SpiritualVoiceRecovery": {"executed_lines": [138, 141, 142, 145, 156, 168, 169, 175, 199, 225, 258, 290, 323, 345, 350, 358, 932, 934, 981, 982, 983, 1000, 1002, 1004, 1012, 1014, 1015, 1017, 1018, 1020, 1021, 1023, 1050, 1052, 1054, 1077, 1101, 1102, 1103, 1112, 1114, 1116, 1117], "summary": {"covered_lines": 43, "num_statements": 245, "percent_covered": 17.551020408163264, "percent_covered_display": "18", "missing_lines": 202, "excluded_lines": 0}, "missing_lines": [374, 375, 377, 381, 383, 385, 387, 390, 393, 394, 396, 397, 399, 400, 402, 403, 406, 407, 408, 413, 414, 415, 416, 419, 420, 421, 423, 424, 425, 427, 429, 430, 431, 434, 450, 452, 454, 456, 457, 460, 461, 463, 464, 466, 468, 470, 471, 472, 474, 475, 476, 479, 480, 481, 483, 488, 489, 490, 491, 492, 493, 494, 496, 502, 511, 512, 513, 514, 515, 516, 517, 518, 519, 520, 521, 522, 523, 524, 526, 539, 540, 541, 543, 544, 546, 547, 550, 552, 553, 560, 570, 571, 580, 581, 584, 586, 588, 604, 605, 608, 609, 612, 614, 615, 623, 632, 633, 643, 644, 645, 647, 650, 652, 664, 665, 674, 675, 676, 679, 680, 682, 684, 686, 698, 709, 718, 719, 721, 723, 725, 741, 742, 745, 747, 749, 761, 762, 770, 772, 776, 777, 781, 783, 785, 787, 795, 810, 818, 827, 835, 844, 852, 861, 869, 878, 886, 891, 894, 895, 896, 898, 899, 902, 903, 904, 905, 906, 912, 914, 918, 919, 945, 948, 950, 951, 959, 960, 961, 968, 969, 972, 973, 1005, 1031, 1032, 1033, 1083, 1092, 1093, 1094, 1095, 1096, 1098, 1099, 1115, 1118, 1119, 1120, 1121, 1122, 1123, 1125], "excluded_lines": []}, "": {"executed_lines": [1, 9, 10, 11, 12, 13, 14, 15, 16, 17, 19, 20, 25, 26, 27, 28, 29, 30, 31, 32, 33, 34, 35, 36, 37, 38, 41, 42, 43, 44, 45, 46, 47, 48, 49, 50, 53, 54, 55, 56, 57, 58, 59, 62, 63, 64, 65, 66, 67, 68, 69, 70, 73, 74, 77, 78, 79, 81, 84, 85, 86, 87, 88, 89, 90, 93, 96, 97, 100, 103, 104, 107, 108, 109, 110, 111, 112, 115, 116, 117, 120, 121, 122, 125, 126, 128, 131, 132, 136, 171, 347, 360, 442, 485, 498, 504, 532, 566, 573, 597, 629, 635, 661, 667, 695, 711, 734, 758, 764, 803, 820, 837, 854, 871, 888, 916, 921, 990, 1039, 1110], "summary": {"covered_lines": 112, "num_statements": 114, "percent_covered": 98.24561403508773, "percent_covered_display": "98", "missing_lines": 2, "excluded_lines": 0}, "missing_lines": [21, 22], "excluded_lines": []}}}, "backend/voice/web_speech_integration.py": {"executed_lines": [1, 8, 9, 10, 11, 12, 13, 14, 16, 19, 20, 22, 28, 29, 30, 31, 32, 33, 34, 35, 36, 37, 38, 39, 40, 43, 44, 45, 48, 49, 50, 51, 54, 55, 58, 59, 60, 63, 64, 65, 68, 69, 73, 97, 144, 168, 204, 219, 227, 233, 245, 288, 308, 346, 381, 412, 435, 439, 443, 447, 452, 463, 489, 517], "summary": {"covered_lines": 59, "num_statements": 195, "percent_covered": 30.256410256410255, "percent_covered_display": "30", "missing_lines": 136, "excluded_lines": 0}, "missing_lines": [23, 24, 25, 75, 76, 79, 80, 81, 82, 85, 90, 91, 94, 95, 99, 146, 175, 182, 185, 188, 189, 191, 192, 194, 196, 197, 198, 210, 212, 214, 215, 217, 221, 222, 224, 225, 229, 230, 231, 235, 236, 237, 238, 239, 241, 242, 243, 252, 253, 258, 259, 260, 262, 263, 266, 267, 270, 273, 276, 278, 280, 281, 282, 286, 295, 296, 298, 301, 304, 306, 311, 313, 314, 317, 318, 321, 324, 325, 326, 329, 332, 333, 336, 337, 339, 340, 341, 349, 351, 364, 365, 368, 377, 379, 384, 387, 388, 389, 390, 391, 394, 395, 398, 399, 400, 403, 404, 405, 408, 409, 410, 419, 420, 421, 423, 424, 427, 430, 433, 437, 441, 445, 449, 450, 455, 458, 459, 461, 466, 467, 472, 504, 511, 512, 514, 519], "excluded_lines": [], "functions": {"SpeechRecognitionError.__init__": {"executed_lines": [], "summary": {"covered_lines": 0, "num_statements": 3, "percent_covered": 0.0, "percent_covered_display": "0", "missing_lines": 3, "excluded_lines": 0}, "missing_lines": [23, 24, 25], "excluded_lines": []}, "WebSpeechIntegration.__init__": {"executed_lines": [], "summary": {"covered_lines": 0, "num_statements": 11, "percent_covered": 0.0, "percent_covered_display": "0", "missing_lines": 11, "excluded_lines": 0}, "missing_lines": [75, 76, 79, 80, 81, 82, 85, 90, 91, 94, 95], "excluded_lines": []}, "WebSpeechIntegration._create_spiritual_grammar": {"executed_lines": [], "summary": {"covered_lines": 0, "num_statements": 1, "percent_covered": 0.0, "percent_covered_display": "0", "missing_lines": 1, "excluded_lines": 0}, "missing_lines": [99], "excluded_lines": []}, "WebSpeechIntegration._create_pronunciation_guide": {"executed_lines": [], "summary": {"covered_lines": 0, "num_statements": 1, "percent_covered": 0.0, "percent_covered_display": "0", "missing_lines": 1, "excluded_lines": 0}, "missing_lines": [146], "excluded_lines": []}, "WebSpeechIntegration.initialize": {"executed_lines": [], "summary": {"covered_lines": 0, "num_statements": 11, "percent_covered": 0.0, "percent_covered_display": "0", "missing_lines": 11, "excluded_lines": 0}, "missing_lines": [175, 182, 185, 188, 189, 191, 192, 194, 196, 197, 198], "excluded_lines": []}, "WebSpeechIntegration._setup_spiritual_grammar": {"executed_lines": [], "summary": {"covered_lines": 0, "num_statements": 5, "percent_covered": 0.0, "percent_covered_display": "0", "missing_lines": 5, "excluded_lines": 0}, "missing_lines": [210, 212, 214, 215, 217], "excluded_lines": []}, "WebSpeechIntegration.add_event_handler": {"executed_lines": [], "summary": {"covered_lines": 0, "num_statements": 4, "percent_covered": 0.0, "percent_covered_display": "0", "missing_lines": 4, "excluded_lines": 0}, "missing_lines": [221, 222, 224, 225], "excluded_lines": []}, "WebSpeechIntegration.remove_event_handler": {"executed_lines": [], "summary": {"covered_lines": 0, "num_statements": 3, "percent_covered": 0.0, "percent_covered_display": "0", "missing_lines": 3, "excluded_lines": 0}, "missing_lines": [229, 230, 231], "excluded_lines": []}, "WebSpeechIntegration._trigger_event": {"executed_lines": [], "summary": {"covered_lines": 0, "num_statements": 8, "percent_covered": 0.0, "percent_covered_display": "0", "missing_lines": 8, "excluded_lines": 0}, "missing_lines": [235, 236, 237, 238, 239, 241, 242, 243], "excluded_lines": []}, "WebSpeechIntegration.start_recognition": {"executed_lines": [], "summary": {"covered_lines": 0, "num_statements": 17, "percent_covered": 0.0, "percent_covered_display": "0", "missing_lines": 17, "excluded_lines": 0}, "missing_lines": [252, 253, 258, 259, 260, 262, 263, 266, 267, 270, 273, 276, 278, 280, 281, 282, 286], "excluded_lines": []}, "WebSpeechIntegration.stop_recognition": {"executed_lines": [], "summary": {"covered_lines": 0, "num_statements": 6, "percent_covered": 0.0, "percent_covered_display": "0", "missing_lines": 6, "excluded_lines": 0}, "missing_lines": [295, 296, 298, 301, 304, 306], "excluded_lines": []}, "WebSpeechIntegration._simulate_recognition_process": {"executed_lines": [], "summary": {"covered_lines": 0, "num_statements": 17, "percent_covered": 0.0, "percent_covered_display": "0", "missing_lines": 17, "excluded_lines": 0}, "missing_lines": [311, 313, 314, 317, 318, 321, 324, 325, 326, 329, 332, 333, 336, 337, 339, 340, 341], "excluded_lines": []}, "WebSpeechIntegration._create_simulated_result": {"executed_lines": [], "summary": {"covered_lines": 0, "num_statements": 7, "percent_covered": 0.0, "percent_covered_display": "0", "missing_lines": 7, "excluded_lines": 0}, "missing_lines": [349, 351, 364, 365, 368, 377, 379], "excluded_lines": []}, "WebSpeechIntegration._enhance_with_spiritual_content": {"executed_lines": [], "summary": {"covered_lines": 0, "num_statements": 17, "percent_covered": 0.0, "percent_covered_display": "0", "missing_lines": 17, "excluded_lines": 0}, "missing_lines": [384, 387, 388, 389, 390, 391, 394, 395, 398, 399, 400, 403, 404, 405, 408, 409, 410], "excluded_lines": []}, "WebSpeechIntegration.restart_recognition": {"executed_lines": [], "summary": {"covered_lines": 0, "num_statements": 8, "percent_covered": 0.0, "percent_covered_display": "0", "missing_lines": 8, "excluded_lines": 0}, "missing_lines": [419, 420, 421, 423, 424, 427, 430, 433], "excluded_lines": []}, "WebSpeechIntegration.get_pronunciation_guide": {"executed_lines": [], "summary": {"covered_lines": 0, "num_statements": 1, "percent_covered": 0.0, "percent_covered_display": "0", "missing_lines": 1, "excluded_lines": 0}, "missing_lines": [437], "excluded_lines": []}, "WebSpeechIntegration.get_term_variations": {"executed_lines": [], "summary": {"covered_lines": 0, "num_statements": 1, "percent_covered": 0.0, "percent_covered_display": "0", "missing_lines": 1, "excluded_lines": 0}, "missing_lines": [441], "excluded_lines": []}, "WebSpeechIntegration.get_result_history": {"executed_lines": [], "summary": {"covered_lines": 0, "num_statements": 1, "percent_covered": 0.0, "percent_covered_display": "0", "missing_lines": 1, "excluded_lines": 0}, "missing_lines": [445], "excluded_lines": []}, "WebSpeechIntegration.clear_history": {"executed_lines": [], "summary": {"covered_lines": 0, "num_statements": 2, "percent_covered": 0.0, "percent_covered_display": "0", "missing_lines": 2, "excluded_lines": 0}, "missing_lines": [449, 450], "excluded_lines": []}, "WebSpeechIntegration.update_spiritual_vocabulary": {"executed_lines": [], "summary": {"covered_lines": 0, "num_statements": 4, "percent_covered": 0.0, "percent_covered_display": "0", "missing_lines": 4, "excluded_lines": 0}, "missing_lines": [455, 458, 459, 461], "excluded_lines": []}, "WebSpeechIntegration.get_integration_status": {"executed_lines": [], "summary": {"covered_lines": 0, "num_statements": 3, "percent_covered": 0.0, "percent_covered_display": "0", "missing_lines": 3, "excluded_lines": 0}, "missing_lines": [466, 467, 472], "excluded_lines": []}, "create_web_speech_integration": {"executed_lines": [], "summary": {"covered_lines": 0, "num_statements": 4, "percent_covered": 0.0, "percent_covered_display": "0", "missing_lines": 4, "excluded_lines": 0}, "missing_lines": [504, 511, 512, 514], "excluded_lines": []}, "get_supported_languages": {"executed_lines": [], "summary": {"covered_lines": 0, "num_statements": 1, "percent_covered": 0.0, "percent_covered_display": "0", "missing_lines": 1, "excluded_lines": 0}, "missing_lines": [519], "excluded_lines": []}, "": {"executed_lines": [1, 8, 9, 10, 11, 12, 13, 14, 16, 19, 20, 22, 28, 29, 30, 31, 32, 33, 34, 35, 36, 37, 38, 39, 40, 43, 44, 45, 48, 49, 50, 51, 54, 55, 58, 59, 60, 63, 64, 65, 68, 69, 73, 97, 144, 168, 204, 219, 227, 233, 245, 288, 308, 346, 381, 412, 435, 439, 443, 447, 452, 463, 489, 517], "summary": {"covered_lines": 59, "num_statements": 59, "percent_covered": 100.0, "percent_covered_display": "100", "missing_lines": 0, "excluded_lines": 0}, "missing_lines": [], "excluded_lines": []}}, "classes": {"SpeechRecognitionError": {"executed_lines": [], "summary": {"covered_lines": 0, "num_statements": 3, "percent_covered": 0.0, "percent_covered_display": "0", "missing_lines": 3, "excluded_lines": 0}, "missing_lines": [23, 24, 25], "excluded_lines": []}, "WebSpeechEvent": {"executed_lines": [], "summary": {"covered_lines": 0, "num_statements": 0, "percent_covered": 100.0, "percent_covered_display": "100", "missing_lines": 0, "excluded_lines": 0}, "missing_lines": [], "excluded_lines": []}, "WebSpeechConfig": {"executed_lines": [], "summary": {"covered_lines": 0, "num_statements": 0, "percent_covered": 100.0, "percent_covered_display": "100", "missing_lines": 0, "excluded_lines": 0}, "missing_lines": [], "excluded_lines": []}, "WebSpeechIntegration": {"executed_lines": [], "summary": {"covered_lines": 0, "num_statements": 128, "percent_covered": 0.0, "percent_covered_display": "0", "missing_lines": 128, "excluded_lines": 0}, "missing_lines": [75, 76, 79, 80, 81, 82, 85, 90, 91, 94, 95, 99, 146, 175, 182, 185, 188, 189, 191, 192, 194, 196, 197, 198, 210, 212, 214, 215, 217, 221, 222, 224, 225, 229, 230, 231, 235, 236, 237, 238, 239, 241, 242, 243, 252, 253, 258, 259, 260, 262, 263, 266, 267, 270, 273, 276, 278, 280, 281, 282, 286, 295, 296, 298, 301, 304, 306, 311, 313, 314, 317, 318, 321, 324, 325, 326, 329, 332, 333, 336, 337, 339, 340, 341, 349, 351, 364, 365, 368, 377, 379, 384, 387, 388, 389, 390, 391, 394, 395, 398, 399, 400, 403, 404, 405, 408, 409, 410, 419, 420, 421, 423, 424, 427, 430, 433, 437, 441, 445, 449, 450, 455, 458, 459, 461, 466, 467, 472], "excluded_lines": []}, "": {"executed_lines": [1, 8, 9, 10, 11, 12, 13, 14, 16, 19, 20, 22, 28, 29, 30, 31, 32, 33, 34, 35, 36, 37, 38, 39, 40, 43, 44, 45, 48, 49, 50, 51, 54, 55, 58, 59, 60, 63, 64, 65, 68, 69, 73, 97, 144, 168, 204, 219, 227, 233, 245, 288, 308, 346, 381, 412, 435, 439, 443, 447, 452, 463, 489, 517], "summary": {"covered_lines": 59, "num_statements": 64, "percent_covered": 92.1875, "percent_covered_display": "92", "missing_lines": 5, "excluded_lines": 0}, "missing_lines": [504, 511, 512, 514, 519], "excluded_lines": []}}}}, "totals": {"covered_lines": 3856, "num_statements": 14089, "percent_covered": 27.368869330683513, "percent_covered_display": "27", "missing_lines": 10233, "excluded_lines": 706}}